2015-10-16 12:03:31,865 [DEBUG] org.apache.axiom.locator.DefaultOMMetaFactoryLocator  - Starting class path based discovery
2015-10-16 12:03:31,871 [DEBUG] org.apache.axiom.locator.ImplementationFactory  - Loading jar:file:/D:/Java/MAVEN/repository/org/apache/ws/commons/axiom/axiom-impl/1.2.14/axiom-impl-1.2.14.jar!/META-INF/axiom.xml
2015-10-16 12:03:32,050 [DEBUG] org.apache.axiom.locator.ImplementationFactory  - Discovered implementations: [llom(metaFactory=org.apache.axiom.om.impl.llom.factory.OMLinkedListMetaFactory,features=[default(priority=100)])]
2015-10-16 12:03:32,054 [DEBUG] org.apache.axiom.locator.PriorityBasedOMMetaFactoryLocator  - Meta factories:
  default: org.apache.axiom.om.impl.llom.factory.OMLinkedListMetaFactory
2015-10-16 12:03:32,234 [DEBUG] org.apache.axis2.description.AxisOperation  - Entry: AxisOperation::getInputAction
2015-10-16 12:03:32,234 [DEBUG] org.apache.axis2.description.AxisOperation  - Exit: AxisOperation::getInputAction null
2015-10-16 12:03:32,234 [DEBUG] org.apache.axis2.description.AxisOperation  - Entry: AxisOperation::setSoapAction, previous soapAction: null updated soapAction: urn:anonRobustOp
2015-10-16 12:03:32,234 [DEBUG] org.apache.axis2.description.AxisOperation  - Exit: AxisOperation::setSoapAction
2015-10-16 12:03:32,234 [DEBUG] org.apache.axis2.description.AxisService  - mapActionToOperation: Mapping Action to Operation: action: anonRobustOp; operation: org.apache.axis2.description.RobustOutOnlyAxisOperation@1c148bd4named: {http://ws.apache.org/namespaces/axis2}anonRobustOp
2015-10-16 12:03:32,310 [DEBUG] org.apache.axis2.description.AxisService  - DEBUG_FRAME = org.apache.axis2.util.JavaUtils.callStackToString(JavaUtils.java:564)
	DEBUG_FRAME = org.apache.axis2.description.AxisService.mapActionToOperation(AxisService.java:821)
	DEBUG_FRAME = org.apache.axis2.description.AxisService.addOperation(AxisService.java:667)
	DEBUG_FRAME = org.apache.axis2.client.Stub.addAnonymousOperations(Stub.java:236)
	DEBUG_FRAME = com.ycsoft.boss.remoting.backtask.BOSSWebServiceSoapImplServiceStub.populateAxisService(BOSSWebServiceSoapImplServiceStub.java:95)
	DEBUG_FRAME = com.ycsoft.boss.remoting.backtask.BOSSWebServiceSoapImplServiceStub.<init>(BOSSWebServiceSoapImplServiceStub.java:40)
	DEBUG_FRAME = com.ycsoft.boss.remoting.backtask.BOSSWebServiceSoapImplServiceStub.<init>(BOSSWebServiceSoapImplServiceStub.java:29)
	DEBUG_FRAME = com.ycsoft.boss.remoting.backtask.BOSSWebServiceSoapImplServiceStub.<init>(BOSSWebServiceSoapImplServiceStub.java:76)
	DEBUG_FRAME = com.ycsoft.boss.remoting.backtask.BOSSWebServiceTestMain.main(BOSSWebServiceTestMain.java:40)

2015-10-16 12:03:32,311 [DEBUG] org.apache.axis2.description.AxisOperation  - Entry: AxisOperation::getInputAction
2015-10-16 12:03:32,311 [DEBUG] org.apache.axis2.description.AxisOperation  - Debug: AxisOperation::getInputAction - using soapAction
2015-10-16 12:03:32,311 [DEBUG] org.apache.axis2.description.AxisOperation  - Exit: AxisOperation::getInputAction urn:anonRobustOp
2015-10-16 12:03:32,311 [DEBUG] org.apache.axis2.description.AxisService  - mapActionToOperation: Mapping Action to Operation: action: urn:anonRobustOp; operation: org.apache.axis2.description.RobustOutOnlyAxisOperation@1c148bd4named: {http://ws.apache.org/namespaces/axis2}anonRobustOp
2015-10-16 12:03:32,311 [DEBUG] org.apache.axis2.description.AxisService  - DEBUG_FRAME = org.apache.axis2.util.JavaUtils.callStackToString(JavaUtils.java:564)
	DEBUG_FRAME = org.apache.axis2.description.AxisService.mapActionToOperation(AxisService.java:821)
	DEBUG_FRAME = org.apache.axis2.description.AxisService.addOperation(AxisService.java:671)
	DEBUG_FRAME = org.apache.axis2.client.Stub.addAnonymousOperations(Stub.java:236)
	DEBUG_FRAME = com.ycsoft.boss.remoting.backtask.BOSSWebServiceSoapImplServiceStub.populateAxisService(BOSSWebServiceSoapImplServiceStub.java:95)
	DEBUG_FRAME = com.ycsoft.boss.remoting.backtask.BOSSWebServiceSoapImplServiceStub.<init>(BOSSWebServiceSoapImplServiceStub.java:40)
	DEBUG_FRAME = com.ycsoft.boss.remoting.backtask.BOSSWebServiceSoapImplServiceStub.<init>(BOSSWebServiceSoapImplServiceStub.java:29)
	DEBUG_FRAME = com.ycsoft.boss.remoting.backtask.BOSSWebServiceSoapImplServiceStub.<init>(BOSSWebServiceSoapImplServiceStub.java:76)
	DEBUG_FRAME = com.ycsoft.boss.remoting.backtask.BOSSWebServiceTestMain.main(BOSSWebServiceTestMain.java:40)

2015-10-16 12:03:32,313 [DEBUG] org.apache.axis2.description.AxisService  - Client-defined operation name matches default operation name. this may cause interoperability issues.  Name is: {http://ws.apache.org/namespaces/axis2}anonOutonlyOp
2015-10-16 12:03:32,313 [DEBUG] org.apache.axis2.description.AxisOperation  - Entry: AxisOperation::getInputAction
2015-10-16 12:03:32,313 [DEBUG] org.apache.axis2.description.AxisOperation  - Exit: AxisOperation::getInputAction null
2015-10-16 12:03:32,313 [DEBUG] org.apache.axis2.description.AxisOperation  - Entry: AxisOperation::setSoapAction, previous soapAction: null updated soapAction: urn:anonOutonlyOp
2015-10-16 12:03:32,313 [DEBUG] org.apache.axis2.description.AxisOperation  - Exit: AxisOperation::setSoapAction
2015-10-16 12:03:32,313 [DEBUG] org.apache.axis2.description.AxisService  - mapActionToOperation: Mapping Action to Operation: action: anonOutonlyOp; operation: org.apache.axis2.description.OutOnlyAxisOperation@5c05f93dnamed: {http://ws.apache.org/namespaces/axis2}anonOutonlyOp
2015-10-16 12:03:32,314 [DEBUG] org.apache.axis2.description.AxisService  - DEBUG_FRAME = org.apache.axis2.util.JavaUtils.callStackToString(JavaUtils.java:564)
	DEBUG_FRAME = org.apache.axis2.description.AxisService.mapActionToOperation(AxisService.java:821)
	DEBUG_FRAME = org.apache.axis2.description.AxisService.addOperation(AxisService.java:667)
	DEBUG_FRAME = org.apache.axis2.client.Stub.addAnonymousOperations(Stub.java:239)
	DEBUG_FRAME = com.ycsoft.boss.remoting.backtask.BOSSWebServiceSoapImplServiceStub.populateAxisService(BOSSWebServiceSoapImplServiceStub.java:95)
	DEBUG_FRAME = com.ycsoft.boss.remoting.backtask.BOSSWebServiceSoapImplServiceStub.<init>(BOSSWebServiceSoapImplServiceStub.java:40)
	DEBUG_FRAME = com.ycsoft.boss.remoting.backtask.BOSSWebServiceSoapImplServiceStub.<init>(BOSSWebServiceSoapImplServiceStub.java:29)
	DEBUG_FRAME = com.ycsoft.boss.remoting.backtask.BOSSWebServiceSoapImplServiceStub.<init>(BOSSWebServiceSoapImplServiceStub.java:76)
	DEBUG_FRAME = com.ycsoft.boss.remoting.backtask.BOSSWebServiceTestMain.main(BOSSWebServiceTestMain.java:40)

2015-10-16 12:03:32,314 [DEBUG] org.apache.axis2.description.AxisOperation  - Entry: AxisOperation::getInputAction
2015-10-16 12:03:32,314 [DEBUG] org.apache.axis2.description.AxisOperation  - Debug: AxisOperation::getInputAction - using soapAction
2015-10-16 12:03:32,314 [DEBUG] org.apache.axis2.description.AxisOperation  - Exit: AxisOperation::getInputAction urn:anonOutonlyOp
2015-10-16 12:03:32,314 [DEBUG] org.apache.axis2.description.AxisService  - mapActionToOperation: Mapping Action to Operation: action: urn:anonOutonlyOp; operation: org.apache.axis2.description.OutOnlyAxisOperation@5c05f93dnamed: {http://ws.apache.org/namespaces/axis2}anonOutonlyOp
2015-10-16 12:03:32,314 [DEBUG] org.apache.axis2.description.AxisService  - DEBUG_FRAME = org.apache.axis2.util.JavaUtils.callStackToString(JavaUtils.java:564)
	DEBUG_FRAME = org.apache.axis2.description.AxisService.mapActionToOperation(AxisService.java:821)
	DEBUG_FRAME = org.apache.axis2.description.AxisService.addOperation(AxisService.java:671)
	DEBUG_FRAME = org.apache.axis2.client.Stub.addAnonymousOperations(Stub.java:239)
	DEBUG_FRAME = com.ycsoft.boss.remoting.backtask.BOSSWebServiceSoapImplServiceStub.populateAxisService(BOSSWebServiceSoapImplServiceStub.java:95)
	DEBUG_FRAME = com.ycsoft.boss.remoting.backtask.BOSSWebServiceSoapImplServiceStub.<init>(BOSSWebServiceSoapImplServiceStub.java:40)
	DEBUG_FRAME = com.ycsoft.boss.remoting.backtask.BOSSWebServiceSoapImplServiceStub.<init>(BOSSWebServiceSoapImplServiceStub.java:29)
	DEBUG_FRAME = com.ycsoft.boss.remoting.backtask.BOSSWebServiceSoapImplServiceStub.<init>(BOSSWebServiceSoapImplServiceStub.java:76)
	DEBUG_FRAME = com.ycsoft.boss.remoting.backtask.BOSSWebServiceTestMain.main(BOSSWebServiceTestMain.java:40)

2015-10-16 12:03:32,315 [DEBUG] org.apache.axis2.description.AxisOperation  - Entry: AxisOperation::getInputAction
2015-10-16 12:03:32,315 [DEBUG] org.apache.axis2.description.AxisOperation  - Exit: AxisOperation::getInputAction null
2015-10-16 12:03:32,315 [DEBUG] org.apache.axis2.description.AxisOperation  - Entry: AxisOperation::setSoapAction, previous soapAction: null updated soapAction: urn:anonOutInOp
2015-10-16 12:03:32,315 [DEBUG] org.apache.axis2.description.AxisOperation  - Exit: AxisOperation::setSoapAction
2015-10-16 12:03:32,315 [DEBUG] org.apache.axis2.description.AxisService  - mapActionToOperation: Mapping Action to Operation: action: anonOutInOp; operation: org.apache.axis2.description.OutInAxisOperation@54a8c871named: {http://ws.apache.org/namespaces/axis2}anonOutInOp
2015-10-16 12:03:32,316 [DEBUG] org.apache.axis2.description.AxisService  - DEBUG_FRAME = org.apache.axis2.util.JavaUtils.callStackToString(JavaUtils.java:564)
	DEBUG_FRAME = org.apache.axis2.description.AxisService.mapActionToOperation(AxisService.java:821)
	DEBUG_FRAME = org.apache.axis2.description.AxisService.addOperation(AxisService.java:667)
	DEBUG_FRAME = org.apache.axis2.client.Stub.addAnonymousOperations(Stub.java:242)
	DEBUG_FRAME = com.ycsoft.boss.remoting.backtask.BOSSWebServiceSoapImplServiceStub.populateAxisService(BOSSWebServiceSoapImplServiceStub.java:95)
	DEBUG_FRAME = com.ycsoft.boss.remoting.backtask.BOSSWebServiceSoapImplServiceStub.<init>(BOSSWebServiceSoapImplServiceStub.java:40)
	DEBUG_FRAME = com.ycsoft.boss.remoting.backtask.BOSSWebServiceSoapImplServiceStub.<init>(BOSSWebServiceSoapImplServiceStub.java:29)
	DEBUG_FRAME = com.ycsoft.boss.remoting.backtask.BOSSWebServiceSoapImplServiceStub.<init>(BOSSWebServiceSoapImplServiceStub.java:76)
	DEBUG_FRAME = com.ycsoft.boss.remoting.backtask.BOSSWebServiceTestMain.main(BOSSWebServiceTestMain.java:40)

2015-10-16 12:03:32,316 [DEBUG] org.apache.axis2.description.AxisOperation  - Entry: AxisOperation::getInputAction
2015-10-16 12:03:32,319 [DEBUG] org.apache.axis2.description.AxisOperation  - Debug: AxisOperation::getInputAction - using soapAction
2015-10-16 12:03:32,319 [DEBUG] org.apache.axis2.description.AxisOperation  - Exit: AxisOperation::getInputAction urn:anonOutInOp
2015-10-16 12:03:32,319 [DEBUG] org.apache.axis2.description.AxisService  - mapActionToOperation: Mapping Action to Operation: action: urn:anonOutInOp; operation: org.apache.axis2.description.OutInAxisOperation@54a8c871named: {http://ws.apache.org/namespaces/axis2}anonOutInOp
2015-10-16 12:03:32,319 [DEBUG] org.apache.axis2.description.AxisService  - DEBUG_FRAME = org.apache.axis2.util.JavaUtils.callStackToString(JavaUtils.java:564)
	DEBUG_FRAME = org.apache.axis2.description.AxisService.mapActionToOperation(AxisService.java:821)
	DEBUG_FRAME = org.apache.axis2.description.AxisService.addOperation(AxisService.java:671)
	DEBUG_FRAME = org.apache.axis2.client.Stub.addAnonymousOperations(Stub.java:242)
	DEBUG_FRAME = com.ycsoft.boss.remoting.backtask.BOSSWebServiceSoapImplServiceStub.populateAxisService(BOSSWebServiceSoapImplServiceStub.java:95)
	DEBUG_FRAME = com.ycsoft.boss.remoting.backtask.BOSSWebServiceSoapImplServiceStub.<init>(BOSSWebServiceSoapImplServiceStub.java:40)
	DEBUG_FRAME = com.ycsoft.boss.remoting.backtask.BOSSWebServiceSoapImplServiceStub.<init>(BOSSWebServiceSoapImplServiceStub.java:29)
	DEBUG_FRAME = com.ycsoft.boss.remoting.backtask.BOSSWebServiceSoapImplServiceStub.<init>(BOSSWebServiceSoapImplServiceStub.java:76)
	DEBUG_FRAME = com.ycsoft.boss.remoting.backtask.BOSSWebServiceTestMain.main(BOSSWebServiceTestMain.java:40)

2015-10-16 12:03:32,320 [DEBUG] org.apache.axis2.description.AxisOperation  - Entry: AxisOperation::getInputAction
2015-10-16 12:03:32,320 [DEBUG] org.apache.axis2.description.AxisOperation  - Exit: AxisOperation::getInputAction null
2015-10-16 12:03:32,320 [DEBUG] org.apache.axis2.description.AxisOperation  - Entry: AxisOperation::setSoapAction, previous soapAction: null updated soapAction: urn:replyManuallyInfluencedWorkOrder
2015-10-16 12:03:32,320 [DEBUG] org.apache.axis2.description.AxisOperation  - Exit: AxisOperation::setSoapAction
2015-10-16 12:03:32,321 [DEBUG] org.apache.axis2.description.AxisService  - mapActionToOperation: Mapping Action to Operation: action: replyManuallyInfluencedWorkOrder; operation: org.apache.axis2.description.OutInAxisOperation@21c863cfnamed: {http://cfocn.service.outwardtps.sysway.com/}replyManuallyInfluencedWorkOrder
2015-10-16 12:03:32,321 [DEBUG] org.apache.axis2.description.AxisService  - DEBUG_FRAME = org.apache.axis2.util.JavaUtils.callStackToString(JavaUtils.java:564)
	DEBUG_FRAME = org.apache.axis2.description.AxisService.mapActionToOperation(AxisService.java:821)
	DEBUG_FRAME = org.apache.axis2.description.AxisService.addOperation(AxisService.java:667)
	DEBUG_FRAME = com.ycsoft.boss.remoting.backtask.BOSSWebServiceSoapImplServiceStub.populateAxisService(BOSSWebServiceSoapImplServiceStub.java:107)
	DEBUG_FRAME = com.ycsoft.boss.remoting.backtask.BOSSWebServiceSoapImplServiceStub.<init>(BOSSWebServiceSoapImplServiceStub.java:40)
	DEBUG_FRAME = com.ycsoft.boss.remoting.backtask.BOSSWebServiceSoapImplServiceStub.<init>(BOSSWebServiceSoapImplServiceStub.java:29)
	DEBUG_FRAME = com.ycsoft.boss.remoting.backtask.BOSSWebServiceSoapImplServiceStub.<init>(BOSSWebServiceSoapImplServiceStub.java:76)
	DEBUG_FRAME = com.ycsoft.boss.remoting.backtask.BOSSWebServiceTestMain.main(BOSSWebServiceTestMain.java:40)

2015-10-16 12:03:32,322 [DEBUG] org.apache.axis2.description.AxisOperation  - Entry: AxisOperation::getInputAction
2015-10-16 12:03:32,322 [DEBUG] org.apache.axis2.description.AxisOperation  - Debug: AxisOperation::getInputAction - using soapAction
2015-10-16 12:03:32,322 [DEBUG] org.apache.axis2.description.AxisOperation  - Exit: AxisOperation::getInputAction urn:replyManuallyInfluencedWorkOrder
2015-10-16 12:03:32,322 [DEBUG] org.apache.axis2.description.AxisService  - mapActionToOperation: Mapping Action to Operation: action: urn:replyManuallyInfluencedWorkOrder; operation: org.apache.axis2.description.OutInAxisOperation@21c863cfnamed: {http://cfocn.service.outwardtps.sysway.com/}replyManuallyInfluencedWorkOrder
2015-10-16 12:03:32,322 [DEBUG] org.apache.axis2.description.AxisService  - DEBUG_FRAME = org.apache.axis2.util.JavaUtils.callStackToString(JavaUtils.java:564)
	DEBUG_FRAME = org.apache.axis2.description.AxisService.mapActionToOperation(AxisService.java:821)
	DEBUG_FRAME = org.apache.axis2.description.AxisService.addOperation(AxisService.java:671)
	DEBUG_FRAME = com.ycsoft.boss.remoting.backtask.BOSSWebServiceSoapImplServiceStub.populateAxisService(BOSSWebServiceSoapImplServiceStub.java:107)
	DEBUG_FRAME = com.ycsoft.boss.remoting.backtask.BOSSWebServiceSoapImplServiceStub.<init>(BOSSWebServiceSoapImplServiceStub.java:40)
	DEBUG_FRAME = com.ycsoft.boss.remoting.backtask.BOSSWebServiceSoapImplServiceStub.<init>(BOSSWebServiceSoapImplServiceStub.java:29)
	DEBUG_FRAME = com.ycsoft.boss.remoting.backtask.BOSSWebServiceSoapImplServiceStub.<init>(BOSSWebServiceSoapImplServiceStub.java:76)
	DEBUG_FRAME = com.ycsoft.boss.remoting.backtask.BOSSWebServiceTestMain.main(BOSSWebServiceTestMain.java:40)

2015-10-16 12:03:32,323 [DEBUG] org.apache.axis2.description.AxisOperation  - Entry: AxisOperation::getInputAction
2015-10-16 12:03:32,323 [DEBUG] org.apache.axis2.description.AxisOperation  - Exit: AxisOperation::getInputAction null
2015-10-16 12:03:32,323 [DEBUG] org.apache.axis2.description.AxisOperation  - Entry: AxisOperation::setSoapAction, previous soapAction: null updated soapAction: urn:returnWorkOrder
2015-10-16 12:03:32,323 [DEBUG] org.apache.axis2.description.AxisOperation  - Exit: AxisOperation::setSoapAction
2015-10-16 12:03:32,323 [DEBUG] org.apache.axis2.description.AxisService  - mapActionToOperation: Mapping Action to Operation: action: returnWorkOrder; operation: org.apache.axis2.description.OutInAxisOperation@586b736fnamed: {http://cfocn.service.outwardtps.sysway.com/}returnWorkOrder
2015-10-16 12:03:32,324 [DEBUG] org.apache.axis2.description.AxisService  - DEBUG_FRAME = org.apache.axis2.util.JavaUtils.callStackToString(JavaUtils.java:564)
	DEBUG_FRAME = org.apache.axis2.description.AxisService.mapActionToOperation(AxisService.java:821)
	DEBUG_FRAME = org.apache.axis2.description.AxisService.addOperation(AxisService.java:667)
	DEBUG_FRAME = com.ycsoft.boss.remoting.backtask.BOSSWebServiceSoapImplServiceStub.populateAxisService(BOSSWebServiceSoapImplServiceStub.java:115)
	DEBUG_FRAME = com.ycsoft.boss.remoting.backtask.BOSSWebServiceSoapImplServiceStub.<init>(BOSSWebServiceSoapImplServiceStub.java:40)
	DEBUG_FRAME = com.ycsoft.boss.remoting.backtask.BOSSWebServiceSoapImplServiceStub.<init>(BOSSWebServiceSoapImplServiceStub.java:29)
	DEBUG_FRAME = com.ycsoft.boss.remoting.backtask.BOSSWebServiceSoapImplServiceStub.<init>(BOSSWebServiceSoapImplServiceStub.java:76)
	DEBUG_FRAME = com.ycsoft.boss.remoting.backtask.BOSSWebServiceTestMain.main(BOSSWebServiceTestMain.java:40)

2015-10-16 12:03:32,324 [DEBUG] org.apache.axis2.description.AxisOperation  - Entry: AxisOperation::getInputAction
2015-10-16 12:03:32,324 [DEBUG] org.apache.axis2.description.AxisOperation  - Debug: AxisOperation::getInputAction - using soapAction
2015-10-16 12:03:32,324 [DEBUG] org.apache.axis2.description.AxisOperation  - Exit: AxisOperation::getInputAction urn:returnWorkOrder
2015-10-16 12:03:32,324 [DEBUG] org.apache.axis2.description.AxisService  - mapActionToOperation: Mapping Action to Operation: action: urn:returnWorkOrder; operation: org.apache.axis2.description.OutInAxisOperation@586b736fnamed: {http://cfocn.service.outwardtps.sysway.com/}returnWorkOrder
2015-10-16 12:03:32,325 [DEBUG] org.apache.axis2.description.AxisService  - DEBUG_FRAME = org.apache.axis2.util.JavaUtils.callStackToString(JavaUtils.java:564)
	DEBUG_FRAME = org.apache.axis2.description.AxisService.mapActionToOperation(AxisService.java:821)
	DEBUG_FRAME = org.apache.axis2.description.AxisService.addOperation(AxisService.java:671)
	DEBUG_FRAME = com.ycsoft.boss.remoting.backtask.BOSSWebServiceSoapImplServiceStub.populateAxisService(BOSSWebServiceSoapImplServiceStub.java:115)
	DEBUG_FRAME = com.ycsoft.boss.remoting.backtask.BOSSWebServiceSoapImplServiceStub.<init>(BOSSWebServiceSoapImplServiceStub.java:40)
	DEBUG_FRAME = com.ycsoft.boss.remoting.backtask.BOSSWebServiceSoapImplServiceStub.<init>(BOSSWebServiceSoapImplServiceStub.java:29)
	DEBUG_FRAME = com.ycsoft.boss.remoting.backtask.BOSSWebServiceSoapImplServiceStub.<init>(BOSSWebServiceSoapImplServiceStub.java:76)
	DEBUG_FRAME = com.ycsoft.boss.remoting.backtask.BOSSWebServiceTestMain.main(BOSSWebServiceTestMain.java:40)

2015-10-16 12:03:32,325 [DEBUG] org.apache.axis2.description.AxisOperation  - Entry: AxisOperation::getInputAction
2015-10-16 12:03:32,325 [DEBUG] org.apache.axis2.description.AxisOperation  - Exit: AxisOperation::getInputAction null
2015-10-16 12:03:32,326 [DEBUG] org.apache.axis2.description.AxisOperation  - Entry: AxisOperation::setSoapAction, previous soapAction: null updated soapAction: urn:deviceFeedBack
2015-10-16 12:03:32,326 [DEBUG] org.apache.axis2.description.AxisOperation  - Exit: AxisOperation::setSoapAction
2015-10-16 12:03:32,326 [DEBUG] org.apache.axis2.description.AxisService  - mapActionToOperation: Mapping Action to Operation: action: deviceFeedBack; operation: org.apache.axis2.description.OutInAxisOperation@bcbe4b0named: {http://cfocn.service.outwardtps.sysway.com/}deviceFeedBack
2015-10-16 12:03:32,326 [DEBUG] org.apache.axis2.description.AxisService  - DEBUG_FRAME = org.apache.axis2.util.JavaUtils.callStackToString(JavaUtils.java:564)
	DEBUG_FRAME = org.apache.axis2.description.AxisService.mapActionToOperation(AxisService.java:821)
	DEBUG_FRAME = org.apache.axis2.description.AxisService.addOperation(AxisService.java:667)
	DEBUG_FRAME = com.ycsoft.boss.remoting.backtask.BOSSWebServiceSoapImplServiceStub.populateAxisService(BOSSWebServiceSoapImplServiceStub.java:123)
	DEBUG_FRAME = com.ycsoft.boss.remoting.backtask.BOSSWebServiceSoapImplServiceStub.<init>(BOSSWebServiceSoapImplServiceStub.java:40)
	DEBUG_FRAME = com.ycsoft.boss.remoting.backtask.BOSSWebServiceSoapImplServiceStub.<init>(BOSSWebServiceSoapImplServiceStub.java:29)
	DEBUG_FRAME = com.ycsoft.boss.remoting.backtask.BOSSWebServiceSoapImplServiceStub.<init>(BOSSWebServiceSoapImplServiceStub.java:76)
	DEBUG_FRAME = com.ycsoft.boss.remoting.backtask.BOSSWebServiceTestMain.main(BOSSWebServiceTestMain.java:40)

2015-10-16 12:03:32,327 [DEBUG] org.apache.axis2.description.AxisOperation  - Entry: AxisOperation::getInputAction
2015-10-16 12:03:32,327 [DEBUG] org.apache.axis2.description.AxisOperation  - Debug: AxisOperation::getInputAction - using soapAction
2015-10-16 12:03:32,327 [DEBUG] org.apache.axis2.description.AxisOperation  - Exit: AxisOperation::getInputAction urn:deviceFeedBack
2015-10-16 12:03:32,327 [DEBUG] org.apache.axis2.description.AxisService  - mapActionToOperation: Mapping Action to Operation: action: urn:deviceFeedBack; operation: org.apache.axis2.description.OutInAxisOperation@bcbe4b0named: {http://cfocn.service.outwardtps.sysway.com/}deviceFeedBack
2015-10-16 12:03:32,332 [DEBUG] org.apache.axis2.description.AxisService  - DEBUG_FRAME = org.apache.axis2.util.JavaUtils.callStackToString(JavaUtils.java:564)
	DEBUG_FRAME = org.apache.axis2.description.AxisService.mapActionToOperation(AxisService.java:821)
	DEBUG_FRAME = org.apache.axis2.description.AxisService.addOperation(AxisService.java:671)
	DEBUG_FRAME = com.ycsoft.boss.remoting.backtask.BOSSWebServiceSoapImplServiceStub.populateAxisService(BOSSWebServiceSoapImplServiceStub.java:123)
	DEBUG_FRAME = com.ycsoft.boss.remoting.backtask.BOSSWebServiceSoapImplServiceStub.<init>(BOSSWebServiceSoapImplServiceStub.java:40)
	DEBUG_FRAME = com.ycsoft.boss.remoting.backtask.BOSSWebServiceSoapImplServiceStub.<init>(BOSSWebServiceSoapImplServiceStub.java:29)
	DEBUG_FRAME = com.ycsoft.boss.remoting.backtask.BOSSWebServiceSoapImplServiceStub.<init>(BOSSWebServiceSoapImplServiceStub.java:76)
	DEBUG_FRAME = com.ycsoft.boss.remoting.backtask.BOSSWebServiceTestMain.main(BOSSWebServiceTestMain.java:40)

2015-10-16 12:03:32,359 [DEBUG] org.apache.axis2.context.AbstractContext  - OnDemandLogger initialized for class org.apache.axis2.context.AbstractContext is:org.apache.commons.logging.impl.SLF4JLocationAwareLog@609b7a91
2015-10-16 12:03:32,380 [DEBUG] org.apache.axis2.util.Loader  - Trying to find [org/apache/axis2/deployment/axis2_default.xml] using sun.misc.Launcher$AppClassLoader@592fa617 class loader.
2015-10-16 12:03:32,434 [DEBUG] org.apache.axiom.om.util.StAXUtils  - About to create XMLInputFactory implementation with classloader=sun.misc.Launcher$AppClassLoader@592fa617
2015-10-16 12:03:32,435 [DEBUG] org.apache.axiom.om.util.StAXUtils  - The classloader for javax.xml.stream.XMLInputFactory is: null
2015-10-16 12:03:32,488 [DEBUG] org.apache.axiom.util.stax.dialect.StAXDialectDetector  - StAX implementation at jar:file:/D:/Java/MAVEN/repository/org/codehaus/woodstox/woodstox-core-asl/4.1.4/woodstox-core-asl-4.1.4.jar!/ is:
  Title:         Woodstox XML-processor
  Symbolic name: woodstox-core-asl
  Vendor:        http://woodstox.codehaus.org
  Version:       4.1.4
2015-10-16 12:03:32,501 [DEBUG] org.apache.axiom.util.stax.dialect.StAXDialectDetector  - Detected StAX dialect: Woodstox 4.x
2015-10-16 12:03:32,506 [DEBUG] org.apache.axiom.om.util.StAXUtils  - Created XMLInputFactory = class org.apache.axiom.util.stax.wrapper.ImmutableXMLInputFactory with classloader=sun.misc.Launcher$AppClassLoader@592fa617
2015-10-16 12:03:32,506 [DEBUG] org.apache.axiom.om.util.StAXUtils  - Configuration = DEFAULT
2015-10-16 12:03:32,506 [DEBUG] org.apache.axiom.om.util.StAXUtils  - Size of XMLInputFactory map for this configuration = 1
2015-10-16 12:03:32,506 [DEBUG] org.apache.axiom.om.util.StAXUtils  - Configurations for which factories have been cached = [DEFAULT]
2015-10-16 12:03:32,595 [DEBUG] org.apache.axiom.om.util.StAXUtils  - XMLStreamReader is org.apache.axiom.util.stax.dialect.Woodstox4StreamReaderWrapper
2015-10-16 12:03:32,665 [DEBUG] org.apache.axiom.om.impl.llom.OMContainerHelper  - Builder is already complete.
2015-10-16 12:03:32,794 [DEBUG] org.apache.axis2.engine.Phase  - Handler RequestURIBasedDispatcher added to Phase Transport
2015-10-16 12:03:32,797 [DEBUG] org.apache.axis2.engine.Phase  - Handler SOAPActionBasedDispatcher added to Phase Transport
2015-10-16 12:03:32,800 [DEBUG] org.apache.axis2.engine.Phase  - Handler AddressingBasedDispatcher added to Phase Addressing
2015-10-16 12:03:32,801 [DEBUG] org.apache.axis2.engine.Phase  - Handler RequestURIBasedDispatcher added to Phase Dispatch
2015-10-16 12:03:32,802 [DEBUG] org.apache.axis2.engine.Phase  - Handler SOAPActionBasedDispatcher added to Phase Dispatch
2015-10-16 12:03:32,803 [DEBUG] org.apache.axis2.engine.Phase  - Handler RequestURIOperationDispatcher added to Phase Dispatch
2015-10-16 12:03:32,804 [DEBUG] org.apache.axis2.engine.Phase  - Handler SOAPMessageBodyBasedDispatcher added to Phase Dispatch
2015-10-16 12:03:32,806 [DEBUG] org.apache.axis2.engine.Phase  - Handler HTTPLocationBasedDispatcher added to Phase Dispatch
2015-10-16 12:03:32,806 [DEBUG] org.apache.axis2.engine.Phase  - Handler RequestURIBasedDispatcher added to Phase Transport
2015-10-16 12:03:32,806 [DEBUG] org.apache.axis2.engine.Phase  - Handler SOAPActionBasedDispatcher added to Phase Transport
2015-10-16 12:03:32,806 [DEBUG] org.apache.axis2.engine.Phase  - Handler AddressingBasedDispatcher added to Phase Addressing
2015-10-16 12:03:32,806 [DEBUG] org.apache.axis2.engine.Phase  - Handler RequestURIBasedDispatcher added to Phase Dispatch
2015-10-16 12:03:32,807 [DEBUG] org.apache.axis2.engine.Phase  - Handler SOAPActionBasedDispatcher added to Phase Dispatch
2015-10-16 12:03:32,807 [DEBUG] org.apache.axis2.engine.Phase  - Handler RequestURIOperationDispatcher added to Phase Dispatch
2015-10-16 12:03:32,807 [DEBUG] org.apache.axis2.engine.Phase  - Handler SOAPMessageBodyBasedDispatcher added to Phase Dispatch
2015-10-16 12:03:32,807 [DEBUG] org.apache.axis2.engine.Phase  - Handler HTTPLocationBasedDispatcher added to Phase Dispatch
2015-10-16 12:03:32,839 [DEBUG] org.apache.axis2.deployment.RepositoryListener  - Deploying module from classpath at 'file:/D:/Java/MAVEN/repository/org/apache/axis2/axis2/1.6.3/axis2-1.6.3.jar'
2015-10-16 12:03:33,419 [DEBUG] org.apache.axiom.om.util.StAXUtils  - XMLStreamReader is org.apache.axiom.util.stax.dialect.Woodstox4StreamReaderWrapper
2015-10-16 12:03:33,421 [DEBUG] org.apache.axiom.om.impl.llom.OMContainerHelper  - Builder is already complete.
2015-10-16 12:03:33,424 [DEBUG] org.apache.axis2.deployment.ModuleBuilder  - populateModule: Building module description for: addressing
2015-10-16 12:03:33,426 [DEBUG] org.apache.axis2.deployment.ModuleBuilder  - populateModule: Done building module description
2015-10-16 12:03:33,434 [DEBUG] org.apache.axis2.handlers.addressing.AddressingInHandler  - disableRefparamExtract=false
2015-10-16 12:03:33,436 [DEBUG] org.apache.axis2.handlers.addressing.AddressingInHandler  - disableRefparamExtract=false
2015-10-16 12:03:33,442 [DEBUG] org.apache.axis2.i18n.ProjectResourceBundle  - getBundle(org.apache.axis2,org.apache.axis2.i18n,resource,null,...)
2015-10-16 12:03:33,480 [DEBUG] org.apache.axis2.i18n.ProjectResourceBundle  - loadBundle: Ignoring MissingResourceException: Can't find bundle for base name org.apache.axis2.resource, locale zh_CN
2015-10-16 12:03:33,480 [DEBUG] org.apache.axis2.i18n.ProjectResourceBundle  - Created org.apache.axis2.i18n.resource, linked to parent null
2015-10-16 12:03:33,482 [DEBUG] org.apache.axis2.i18n.ProjectResourceBundle  - getBundle(org.apache.axis2,org.apache.axis2.i18n,resource,null,...)
2015-10-16 12:03:33,482 [DEBUG] org.apache.axis2.i18n.ProjectResourceBundle  - org.apache.axis2.i18n.resource::handleGetObject(addingnewmodule)
2015-10-16 12:03:33,482 [DEBUG] org.apache.axis2.deployment.DeploymentEngine  - Adding new module
2015-10-16 12:03:33,483 [DEBUG] org.apache.axis2.i18n.ProjectResourceBundle  - org.apache.axis2.i18n.resource::handleGetObject(deployingmodule)
2015-10-16 12:03:33,483 [INFO ] org.apache.axis2.deployment.ModuleDeployer  - Deploying module: addressing-1.6.3 - file:/D:/Java/MAVEN/repository/org/apache/axis2/axis2/1.6.3/axis2-1.6.3.jar
2015-10-16 12:03:33,505 [DEBUG] org.apache.axis2.engine.AxisConfiguration  - Adding service to allServices map: [BOSSWebServiceSoapImplService1444968211857_1] 
2015-10-16 12:03:33,507 [DEBUG] org.apache.axis2.description.AxisOperation  - AxisOperation::getSoapAction urn:anonOutInOp
2015-10-16 12:03:33,509 [DEBUG] org.apache.axis2.description.AxisOperation  - AxisOperation::getSoapAction urn:anonRobustOp
2015-10-16 12:03:33,509 [DEBUG] org.apache.axis2.description.AxisOperation  - AxisOperation::getSoapAction urn:replyManuallyInfluencedWorkOrder
2015-10-16 12:03:33,509 [DEBUG] org.apache.axis2.description.AxisOperation  - AxisOperation::getSoapAction urn:returnWorkOrder
2015-10-16 12:03:33,510 [DEBUG] org.apache.axis2.description.AxisOperation  - AxisOperation::getSoapAction urn:deviceFeedBack
2015-10-16 12:03:33,510 [DEBUG] org.apache.axis2.description.AxisOperation  - AxisOperation::getSoapAction urn:anonOutonlyOp
2015-10-16 12:03:33,510 [DEBUG] org.apache.axis2.description.AxisOperation  - AxisOperation::getSoapAction urn:anonOutInOp
2015-10-16 12:03:33,510 [DEBUG] org.apache.axis2.description.AxisOperation  - AxisOperation::getSoapAction urn:anonRobustOp
2015-10-16 12:03:33,510 [DEBUG] org.apache.axis2.description.AxisOperation  - AxisOperation::getSoapAction urn:replyManuallyInfluencedWorkOrder
2015-10-16 12:03:33,510 [DEBUG] org.apache.axis2.description.AxisOperation  - AxisOperation::getSoapAction urn:returnWorkOrder
2015-10-16 12:03:33,510 [DEBUG] org.apache.axis2.description.AxisOperation  - AxisOperation::getSoapAction urn:deviceFeedBack
2015-10-16 12:03:33,511 [DEBUG] org.apache.axis2.description.AxisOperation  - AxisOperation::getSoapAction urn:anonOutonlyOp
2015-10-16 12:03:33,512 [DEBUG] org.apache.axis2.engine.AxisConfiguration  - Adding service to allEndpoints map: (BOSSWebServiceSoapImplService1444968211857_1,BOSSWebServiceSoapImplService1444968211857_1HttpSoap11Endpoint) 
2015-10-16 12:03:33,512 [DEBUG] org.apache.axis2.engine.AxisConfiguration  - Adding service to allEndpoints map: (BOSSWebServiceSoapImplService1444968211857_1,BOSSWebServiceSoapImplService1444968211857_1HttpEndpoint) 
2015-10-16 12:03:33,512 [DEBUG] org.apache.axis2.engine.AxisConfiguration  - Adding service to allEndpoints map: (BOSSWebServiceSoapImplService1444968211857_1,BOSSWebServiceSoapImplService1444968211857_1HttpSoap12Endpoint) 
2015-10-16 12:03:33,512 [DEBUG] org.apache.axis2.engine.AxisConfiguration  - After adding to allEndpoints map, size is 3
2015-10-16 12:03:33,522 [DEBUG] org.apache.axis2.description.AxisService  - Get operation for {http://cfocn.service.outwardtps.sysway.com/}returnWorkOrder
2015-10-16 12:03:33,522 [DEBUG] org.apache.axis2.description.AxisService  - Found axis operation:  org.apache.axis2.description.OutInAxisOperation@586b736f
2015-10-16 12:03:33,526 [DEBUG] org.apache.axis2.client.Options  - setAction Old action is (null)
2015-10-16 12:03:33,526 [DEBUG] org.apache.axis2.client.Options  - setAction New action is (http://cfocn.service.outwardtps.sysway.com/BOSSWebServiceSoap/returnWorkOrder)
2015-10-16 12:03:33,547 [DEBUG] org.apache.axis2.context.ConfigurationContext  - OnDemandLogger initialized for class org.apache.axis2.context.ConfigurationContext is:org.apache.commons.logging.impl.SLF4JLocationAwareLog@6f1bbe75
2015-10-16 12:03:33,547 [DEBUG] org.apache.axis2.context.ConfigurationContext  - registerOperationContext (false): org.apache.axis2.context.OperationContext@6752c50 with key: urn:uuid:d8c4e402-6eae-41d4-8da7-8cfdbeb6d8c4
2015-10-16 12:03:33,547 [DEBUG] org.apache.axis2.description.OutInAxisOperationClient  - Entry: OutInAxisOperationClient::execute, true
2015-10-16 12:03:33,547 [DEBUG] org.apache.axis2.client.Options  - getAction (null) from org.apache.axis2.client.Options@76b03b7f
2015-10-16 12:03:33,547 [DEBUG] org.apache.axis2.context.MessageContext  - SoapAction is (null)
2015-10-16 12:03:33,547 [DEBUG] org.apache.axis2.client.Options  - getAction (http://cfocn.service.outwardtps.sysway.com/BOSSWebServiceSoap/returnWorkOrder) from org.apache.axis2.client.Options@2c124bb9
2015-10-16 12:03:33,547 [DEBUG] org.apache.axis2.client.Options  - getAction (null) from org.apache.axis2.client.Options@76b03b7f
2015-10-16 12:03:33,548 [DEBUG] org.apache.axis2.context.MessageContext  - Old SoapAction is (null)
2015-10-16 12:03:33,548 [DEBUG] org.apache.axis2.context.MessageContext  - New SoapAction is (http://cfocn.service.outwardtps.sysway.com/BOSSWebServiceSoap/returnWorkOrder)
2015-10-16 12:03:33,548 [DEBUG] org.apache.axis2.client.Options  - setAction Old action is (null)
2015-10-16 12:03:33,548 [DEBUG] org.apache.axis2.client.Options  - setAction New action is (http://cfocn.service.outwardtps.sysway.com/BOSSWebServiceSoap/returnWorkOrder)
2015-10-16 12:03:33,549 [DEBUG] org.apache.axis2.description.OutInAxisOperationClient  - OutInAxisOperationClient: useAsyncOption null
2015-10-16 12:03:33,550 [DEBUG] org.apache.axis2.context.ConfigurationContext  - registerOperationContext (false): org.apache.axis2.context.OperationContext@6752c50 with key: urn:uuid:d8c4e402-6eae-41d4-8da7-8cfdbeb6d8c4
2015-10-16 12:03:33,550 [DEBUG] org.apache.axis2.client.Options  - getAction (http://cfocn.service.outwardtps.sysway.com/BOSSWebServiceSoap/returnWorkOrder) from org.apache.axis2.client.Options@76b03b7f
2015-10-16 12:03:33,550 [DEBUG] org.apache.axis2.context.MessageContext  - WASAction is (http://cfocn.service.outwardtps.sysway.com/BOSSWebServiceSoap/returnWorkOrder)
2015-10-16 12:03:33,550 [DEBUG] org.apache.axis2.context.ConfigurationContext  - msgContext: [MessageContext: logID=6da427207efa4c34996e514ffac03558f012079e246516ee] action: http://cfocn.service.outwardtps.sysway.com/BOSSWebServiceSoap/returnWorkOrder
2015-10-16 12:03:33,552 [DEBUG] org.apache.axis2.engine.Phase  - [MessageContext: logID=6da427207efa4c34996e514ffac03558f012079e246516ee] Checking pre-condition for Phase "RMPhase"
2015-10-16 12:03:33,552 [DEBUG] org.apache.axis2.engine.Phase  - [MessageContext: logID=6da427207efa4c34996e514ffac03558f012079e246516ee] Invoking phase "RMPhase"
2015-10-16 12:03:33,552 [DEBUG] org.apache.axis2.engine.Phase  - [MessageContext: logID=6da427207efa4c34996e514ffac03558f012079e246516ee] Checking post-conditions for phase "RMPhase"
2015-10-16 12:03:33,552 [DEBUG] org.apache.axis2.engine.Phase  - [MessageContext: logID=6da427207efa4c34996e514ffac03558f012079e246516ee] Checking pre-condition for Phase "OpPhase"
2015-10-16 12:03:33,553 [DEBUG] org.apache.axis2.engine.Phase  - [MessageContext: logID=6da427207efa4c34996e514ffac03558f012079e246516ee] Invoking phase "OpPhase"
2015-10-16 12:03:33,553 [DEBUG] org.apache.axis2.engine.Phase  - [MessageContext: logID=6da427207efa4c34996e514ffac03558f012079e246516ee] Checking post-conditions for phase "OpPhase"
2015-10-16 12:03:33,553 [DEBUG] org.apache.axis2.engine.Phase  - [MessageContext: logID=6da427207efa4c34996e514ffac03558f012079e246516ee] Checking pre-condition for Phase "OperationOutPhase"
2015-10-16 12:03:33,553 [DEBUG] org.apache.axis2.engine.Phase  - [MessageContext: logID=6da427207efa4c34996e514ffac03558f012079e246516ee] Invoking phase "OperationOutPhase"
2015-10-16 12:03:33,553 [DEBUG] org.apache.axis2.engine.Phase  - [MessageContext: logID=6da427207efa4c34996e514ffac03558f012079e246516ee] Checking post-conditions for phase "OperationOutPhase"
2015-10-16 12:03:33,553 [DEBUG] org.apache.axis2.engine.Phase  - [MessageContext: logID=6da427207efa4c34996e514ffac03558f012079e246516ee] Checking pre-condition for Phase "PolicyDetermination"
2015-10-16 12:03:33,553 [DEBUG] org.apache.axis2.engine.Phase  - [MessageContext: logID=6da427207efa4c34996e514ffac03558f012079e246516ee] Invoking phase "PolicyDetermination"
2015-10-16 12:03:33,553 [DEBUG] org.apache.axis2.engine.Phase  - [MessageContext: logID=6da427207efa4c34996e514ffac03558f012079e246516ee] Checking post-conditions for phase "PolicyDetermination"
2015-10-16 12:03:33,553 [DEBUG] org.apache.axis2.engine.Phase  - [MessageContext: logID=6da427207efa4c34996e514ffac03558f012079e246516ee] Checking pre-condition for Phase "MessageOut"
2015-10-16 12:03:33,553 [DEBUG] org.apache.axis2.engine.Phase  - [MessageContext: logID=6da427207efa4c34996e514ffac03558f012079e246516ee] Invoking phase "MessageOut"
2015-10-16 12:03:33,553 [DEBUG] org.apache.axis2.engine.Phase  - [MessageContext: logID=6da427207efa4c34996e514ffac03558f012079e246516ee] Checking post-conditions for phase "MessageOut"
2015-10-16 12:03:33,553 [DEBUG] org.apache.axis2.engine.Phase  - [MessageContext: logID=6da427207efa4c34996e514ffac03558f012079e246516ee] Checking pre-condition for Phase "Security"
2015-10-16 12:03:33,553 [DEBUG] org.apache.axis2.engine.Phase  - [MessageContext: logID=6da427207efa4c34996e514ffac03558f012079e246516ee] Invoking phase "Security"
2015-10-16 12:03:33,553 [DEBUG] org.apache.axis2.engine.Phase  - [MessageContext: logID=6da427207efa4c34996e514ffac03558f012079e246516ee] Checking post-conditions for phase "Security"
2015-10-16 12:03:33,571 [DEBUG] org.apache.axis2.client.Options  - getAction (http://cfocn.service.outwardtps.sysway.com/BOSSWebServiceSoap/returnWorkOrder) from org.apache.axis2.client.Options@76b03b7f
2015-10-16 12:03:33,571 [DEBUG] org.apache.axis2.context.MessageContext  - SoapAction is (http://cfocn.service.outwardtps.sysway.com/BOSSWebServiceSoap/returnWorkOrder)
2015-10-16 12:03:33,571 [DEBUG] org.apache.axis2.transport.http.CommonsHTTPTransportSender  - SOAP Action from messageContext : (http://cfocn.service.outwardtps.sysway.com/BOSSWebServiceSoap/returnWorkOrder)
2015-10-16 12:03:33,587 [DEBUG] org.apache.commons.httpclient.params.DefaultHttpParams  - Set parameter http.useragent = Jakarta Commons-HttpClient/3.1
2015-10-16 12:03:33,589 [DEBUG] org.apache.commons.httpclient.params.DefaultHttpParams  - Set parameter http.protocol.version = HTTP/1.1
2015-10-16 12:03:33,590 [DEBUG] org.apache.commons.httpclient.params.DefaultHttpParams  - Set parameter http.connection-manager.class = class org.apache.commons.httpclient.SimpleHttpConnectionManager
2015-10-16 12:03:33,590 [DEBUG] org.apache.commons.httpclient.params.DefaultHttpParams  - Set parameter http.protocol.cookie-policy = default
2015-10-16 12:03:33,590 [DEBUG] org.apache.commons.httpclient.params.DefaultHttpParams  - Set parameter http.protocol.element-charset = US-ASCII
2015-10-16 12:03:33,590 [DEBUG] org.apache.commons.httpclient.params.DefaultHttpParams  - Set parameter http.protocol.content-charset = ISO-8859-1
2015-10-16 12:03:33,592 [DEBUG] org.apache.commons.httpclient.params.DefaultHttpParams  - Set parameter http.method.retry-handler = org.apache.commons.httpclient.DefaultHttpMethodRetryHandler@ddb6d85
2015-10-16 12:03:33,592 [DEBUG] org.apache.commons.httpclient.params.DefaultHttpParams  - Set parameter http.dateparser.patterns = [EEE, dd MMM yyyy HH:mm:ss zzz, EEEE, dd-MMM-yy HH:mm:ss zzz, EEE MMM d HH:mm:ss yyyy, EEE, dd-MMM-yyyy HH:mm:ss z, EEE, dd-MMM-yyyy HH-mm-ss z, EEE, dd MMM yy HH:mm:ss z, EEE dd-MMM-yyyy HH:mm:ss z, EEE dd MMM yyyy HH:mm:ss z, EEE dd-MMM-yyyy HH-mm-ss z, EEE dd-MMM-yy HH:mm:ss z, EEE dd MMM yy HH:mm:ss z, EEE,dd-MMM-yy HH:mm:ss z, EEE,dd-MMM-yyyy HH:mm:ss z, EEE, dd-MM-yyyy HH:mm:ss z]
2015-10-16 12:03:33,598 [DEBUG] org.apache.commons.httpclient.HttpClient  - Java version: 1.7.0_79
2015-10-16 12:03:33,598 [DEBUG] org.apache.commons.httpclient.HttpClient  - Java vendor: Oracle Corporation
2015-10-16 12:03:33,598 [DEBUG] org.apache.commons.httpclient.HttpClient  - Java class path: D:\Java\workJPZ\boss\cambodia\boss-remoting\target\test-classes;D:\Java\workJPZ\boss\cambodia\boss-remoting\target\classes;D:\Java\workJPZ\boss\cambodia\ycsoft-lib\target\classes;D:\Java\MAVEN\repository\commons-beanutils\commons-beanutils\1.9.1\commons-beanutils-1.9.1.jar;D:\Java\MAVEN\repository\commons-dbcp\commons-dbcp\1.4\commons-dbcp-1.4.jar;D:\Java\MAVEN\repository\commons-fileupload\commons-fileupload\1.3.1\commons-fileupload-1.3.1.jar;D:\Java\MAVEN\repository\commons-discovery\commons-discovery\0.5\commons-discovery-0.5.jar;D:\Java\MAVEN\repository\commons-io\commons-io\2.4\commons-io-2.4.jar;D:\Java\MAVEN\repository\org\apache\commons\commons-lang3\3.3\commons-lang3-3.3.jar;D:\Java\MAVEN\repository\commons-pool\commons-pool\1.6\commons-pool-1.6.jar;D:\Java\MAVEN\repository\org\freemarker\freemarker\2.3.20\freemarker-2.3.20.jar;D:\Java\MAVEN\repository\com\google\code\gson\gson\1.4\gson-1.4.jar;D:\Java\MAVEN\repository\com\belerweb\pinyin4j\2.5.0\pinyin4j-2.5.0.jar;D:\Java\MAVEN\repository\com\mchange\c3p0\0.9.2.1\c3p0-0.9.2.1.jar;D:\Java\MAVEN\repository\com\mchange\mchange-commons-java\0.2.3.4\mchange-commons-java-0.2.3.4.jar;D:\Java\MAVEN\repository\net\sourceforge\jexcelapi\jxl\2.6.3\jxl-2.6.3.jar;D:\Java\MAVEN\repository\com\oracle\ojdbc6\11.2.0.3\ojdbc6-11.2.0.3.jar;D:\Java\MAVEN\repository\commons-net\commons-net\3.3\commons-net-3.3.jar;D:\Java\MAVEN\repository\org\apache\httpcomponents\httpclient\4.3.5\httpclient-4.3.5.jar;D:\Java\MAVEN\repository\org\apache\httpcomponents\httpcore\4.3.2\httpcore-4.3.2.jar;D:\Java\MAVEN\repository\commons-codec\commons-codec\1.6\commons-codec-1.6.jar;D:\Java\MAVEN\repository\com\alibaba\fastjson\1.2.5\fastjson-1.2.5.jar;D:\Java\MAVEN\repository\org\apache\axis2\axis2\1.6.3\axis2-1.6.3.jar;D:\Java\MAVEN\repository\org\apache\axis2\axis2-adb\1.6.3\axis2-adb-1.6.3.jar;D:\Java\MAVEN\repository\org\apache\axis2\axis2-kernel\1.6.3\axis2-kernel-1.6.3.jar;D:\Java\MAVEN\repository\org\apache\ws\commons\axiom\axiom-api\1.2.14\axiom-api-1.2.14.jar;D:\Java\MAVEN\repository\org\apache\geronimo\specs\geronimo-javamail_1.4_spec\1.7.1\geronimo-javamail_1.4_spec-1.7.1.jar;D:\Java\MAVEN\repository\jaxen\jaxen\1.1.4\jaxen-1.1.4.jar;D:\Java\MAVEN\repository\org\apache\geronimo\specs\geronimo-stax-api_1.0_spec\1.0.1\geronimo-stax-api_1.0_spec-1.0.1.jar;D:\Java\MAVEN\repository\org\apache\james\apache-mime4j-core\0.7.2\apache-mime4j-core-0.7.2.jar;D:\Java\MAVEN\repository\org\apache\ws\commons\axiom\axiom-compat\1.2.14\axiom-compat-1.2.14.jar;D:\Java\MAVEN\repository\org\apache\ws\commons\axiom\axiom-impl\1.2.14\axiom-impl-1.2.14.jar;D:\Java\MAVEN\repository\org\codehaus\woodstox\woodstox-core-asl\4.1.4\woodstox-core-asl-4.1.4.jar;D:\Java\MAVEN\repository\org\codehaus\woodstox\stax2-api\3.1.1\stax2-api-3.1.1.jar;D:\Java\MAVEN\repository\org\apache\geronimo\specs\geronimo-ws-metadata_2.0_spec\1.1.2\geronimo-ws-metadata_2.0_spec-1.1.2.jar;D:\Java\MAVEN\repository\org\apache\geronimo\specs\geronimo-jta_1.1_spec\1.1\geronimo-jta_1.1_spec-1.1.jar;D:\Java\MAVEN\repository\commons-httpclient\commons-httpclient\3.1\commons-httpclient-3.1.jar;D:\Java\MAVEN\repository\org\apache\ws\commons\schema\XmlSchema\1.4.7\XmlSchema-1.4.7.jar;D:\Java\MAVEN\repository\org\apache\neethi\neethi\3.0.2\neethi-3.0.2.jar;D:\Java\MAVEN\repository\org\apache\woden\woden-api\1.0M9\woden-api-1.0M9.jar;D:\Java\MAVEN\repository\org\apache\woden\woden-impl-dom\1.0M9\woden-impl-dom-1.0M9.jar;D:\Java\MAVEN\repository\org\apache\woden\woden-impl-commons\1.0M9\woden-impl-commons-1.0M9.jar;D:\Java\MAVEN\repository\javax\ws\rs\jsr311-api\1.1.1\jsr311-api-1.1.1.jar;D:\Java\MAVEN\repository\org\apache\geronimo\specs\geronimo-activation_1.1_spec\1.0.2\geronimo-activation_1.1_spec-1.0.2.jar;D:\Java\MAVEN\repository\org\apache\axis2\axis2-transport-http\1.6.3\axis2-transport-http-1.6.3.jar;D:\Java\MAVEN\repository\org\apache\axis2\axis2-transport-local\1.6.3\axis2-transport-local-1.6.3.jar;D:\Java\MAVEN\repository\org\slf4j\slf4j-api\1.7.7\slf4j-api-1.7.7.jar;D:\Java\MAVEN\repository\org\slf4j\slf4j-log4j12\1.7.7\slf4j-log4j12-1.7.7.jar;D:\Java\MAVEN\repository\log4j\log4j\1.2.17\log4j-1.2.17.jar;D:\Java\MAVEN\repository\org\slf4j\jcl-over-slf4j\1.7.7\jcl-over-slf4j-1.7.7.jar;D:\Java\MAVEN\repository\org\springframework\spring-test\3.2.8.RELEASE\spring-test-3.2.8.RELEASE.jar;D:\Java\MAVEN\repository\org\springframework\spring-core\3.2.8.RELEASE\spring-core-3.2.8.RELEASE.jar;D:\Java\MAVEN\repository\org\springframework\spring-context\3.2.8.RELEASE\spring-context-3.2.8.RELEASE.jar;D:\Java\MAVEN\repository\org\springframework\spring-aop\3.2.8.RELEASE\spring-aop-3.2.8.RELEASE.jar;D:\Java\MAVEN\repository\aopalliance\aopalliance\1.0\aopalliance-1.0.jar;D:\Java\MAVEN\repository\org\springframework\spring-beans\3.2.8.RELEASE\spring-beans-3.2.8.RELEASE.jar;D:\Java\MAVEN\repository\org\springframework\spring-expression\3.2.8.RELEASE\spring-expression-3.2.8.RELEASE.jar;D:\Java\MAVEN\repository\org\springframework\spring-jdbc\3.2.8.RELEASE\spring-jdbc-3.2.8.RELEASE.jar;D:\Java\MAVEN\repository\org\springframework\spring-tx\3.2.8.RELEASE\spring-tx-3.2.8.RELEASE.jar;D:\Java\MAVEN\repository\org\springframework\spring-web\3.2.8.RELEASE\spring-web-3.2.8.RELEASE.jar;D:\Java\MAVEN\repository\org\springframework\spring-webmvc\3.2.8.RELEASE\spring-webmvc-3.2.8.RELEASE.jar;D:\Java\MAVEN\repository\org\springframework\spring-context-support\3.2.8.RELEASE\spring-context-support-3.2.8.RELEASE.jar;D:\Java\MAVEN\repository\junit\junit\4.11\junit-4.11.jar;D:\Java\MAVEN\repository\org\hamcrest\hamcrest-all\1.3\hamcrest-all-1.3.jar;D:\Java\MAVEN\repository\org\mockito\mockito-all\1.9.5\mockito-all-1.9.5.jar;D:\Java\MAVEN\repository\commons-logging\commons-logging\1.1.3\commons-logging-1.1.3.jar;D:\Java\MAVEN\repository\commons-lang\commons-lang\2.6\commons-lang-2.6.jar;D:\Java\MAVEN\repository\commons-collections\commons-collections\3.2.1\commons-collections-3.2.1.jar;D:\Java\MAVEN\repository\com\google\guava\guava\16.0.1\guava-16.0.1.jar;D:\Java\MAVEN\repository\org\apache\struts\struts2-core\2.3.15.1\struts2-core-2.3.15.1.jar;D:\Java\MAVEN\repository\org\apache\struts\xwork\xwork-core\2.3.15.1\xwork-core-2.3.15.1.jar;D:\Java\MAVEN\repository\asm\asm\3.3\asm-3.3.jar;D:\Java\MAVEN\repository\asm\asm-commons\3.3\asm-commons-3.3.jar;D:\Java\MAVEN\repository\asm\asm-tree\3.3\asm-tree-3.3.jar;D:\Java\MAVEN\repository\ognl\ognl\3.0.6\ognl-3.0.6.jar;D:\Java\MAVEN\repository\javassist\javassist\3.11.0.GA\javassist-3.11.0.GA.jar;D:\Java\MAVEN\repository\org\apache\struts\yc\struts2-json-plugin-yc\2.3.15.1\struts2-json-plugin-yc-2.3.15.1-YC.jar;D:\Java\MAVEN\repository\org\apache\struts\struts2-spring-plugin\2.3.15.1\struts2-spring-plugin-2.3.15.1.jar;D:\Java\MAVEN\repository\wsdl4j\wsdl4j\1.5.1\wsdl4j-1.5.1.jar;D:\Java\MAVEN\repository\javax\servlet\servlet-api\2.5\servlet-api-2.5.jar;D:\Java\MAVEN\repository\org\aspectj\aspectjrt\1.7.4\aspectjrt-1.7.4.jar;D:\Java\MAVEN\repository\org\aspectj\aspectjweaver\1.7.4\aspectjweaver-1.7.4.jar;D:\Java\MAVEN\repository\org\quartz-scheduler\quartz\1.8.6\quartz-1.8.6.jar
2015-10-16 12:03:33,598 [DEBUG] org.apache.commons.httpclient.HttpClient  - Operating system name: Windows 8.1
2015-10-16 12:03:33,598 [DEBUG] org.apache.commons.httpclient.HttpClient  - Operating system architecture: amd64
2015-10-16 12:03:33,598 [DEBUG] org.apache.commons.httpclient.HttpClient  - Operating system version: 6.3
2015-10-16 12:03:33,779 [DEBUG] org.apache.commons.httpclient.HttpClient  - SUN 1.7: SUN (DSA key/parameter generation; DSA signing; SHA-1, MD5 digests; SecureRandom; X.509 certificates; JKS keystore; PKIX CertPathValidator; PKIX CertPathBuilder; LDAP, Collection CertStores, JavaPolicy Policy; JavaLoginConfig Configuration)
2015-10-16 12:03:33,779 [DEBUG] org.apache.commons.httpclient.HttpClient  - SunRsaSign 1.7: Sun RSA signature provider
2015-10-16 12:03:33,779 [DEBUG] org.apache.commons.httpclient.HttpClient  - SunEC 1.7: Sun Elliptic Curve provider (EC, ECDSA, ECDH)
2015-10-16 12:03:33,779 [DEBUG] org.apache.commons.httpclient.HttpClient  - SunJSSE 1.7: Sun JSSE provider(PKCS12, SunX509 key/trust factories, SSLv3, TLSv1)
2015-10-16 12:03:33,779 [DEBUG] org.apache.commons.httpclient.HttpClient  - SunJCE 1.7: SunJCE Provider (implements RSA, DES, Triple DES, AES, Blowfish, ARCFOUR, RC2, PBE, Diffie-Hellman, HMAC)
2015-10-16 12:03:33,780 [DEBUG] org.apache.commons.httpclient.HttpClient  - SunJGSS 1.7: Sun (Kerberos v5, SPNEGO)
2015-10-16 12:03:33,780 [DEBUG] org.apache.commons.httpclient.HttpClient  - SunSASL 1.7: Sun SASL provider(implements client mechanisms for: DIGEST-MD5, GSSAPI, EXTERNAL, PLAIN, CRAM-MD5, NTLM; server mechanisms for: DIGEST-MD5, GSSAPI, CRAM-MD5, NTLM)
2015-10-16 12:03:33,780 [DEBUG] org.apache.commons.httpclient.HttpClient  - XMLDSig 1.0: XMLDSig (DOM XMLSignatureFactory; DOM KeyInfoFactory)
2015-10-16 12:03:33,780 [DEBUG] org.apache.commons.httpclient.HttpClient  - SunPCSC 1.7: Sun PC/SC provider
2015-10-16 12:03:33,780 [DEBUG] org.apache.commons.httpclient.HttpClient  - SunMSCAPI 1.7: Sun's Microsoft Crypto API provider
2015-10-16 12:03:33,788 [DEBUG] org.apache.commons.httpclient.params.DefaultHttpParams  - Set parameter http.connection-manager.timeout = 30000
2015-10-16 12:03:33,788 [DEBUG] org.apache.commons.httpclient.params.DefaultHttpParams  - Set parameter http.connection.timeout = 60000
2015-10-16 12:03:33,789 [DEBUG] org.apache.commons.httpclient.params.DefaultHttpParams  - Set parameter http.socket.timeout = 60000
2015-10-16 12:03:33,789 [DEBUG] org.apache.commons.httpclient.params.DefaultHttpParams  - Set parameter http.socket.timeout = 60000
2015-10-16 12:03:33,806 [DEBUG] org.apache.axiom.om.OMOutputFormat  - Start getContentType: OMOutputFormat [ mimeBoundary =null rootContentId=null doOptimize=false doingSWA=false isSOAP11=true charSetEncoding=UTF-8 xmlVersion=null contentType=null ignoreXmlDeclaration=false autoCloseWriter=false actionProperty=null optimizedThreshold=0]
2015-10-16 12:03:33,806 [DEBUG] org.apache.axiom.om.OMOutputFormat  - getContentType= {text/xml}   OMOutputFormat [ mimeBoundary =null rootContentId=null doOptimize=false doingSWA=false isSOAP11=true charSetEncoding=UTF-8 xmlVersion=null contentType=text/xml ignoreXmlDeclaration=false autoCloseWriter=false actionProperty=null optimizedThreshold=0]
2015-10-16 12:03:33,806 [DEBUG] org.apache.axis2.transport.http.SOAPMessageFormatter  - contentType from the OMOutputFormat =text/xml
2015-10-16 12:03:33,806 [DEBUG] org.apache.axis2.transport.http.SOAPMessageFormatter  - contentType returned =text/xml; charset=UTF-8
2015-10-16 12:03:33,814 [DEBUG] org.apache.commons.httpclient.params.DefaultHttpParams  - Set parameter http.connection.timeout = 60000
2015-10-16 12:03:33,814 [DEBUG] org.apache.commons.httpclient.params.DefaultHttpParams  - Set parameter http.socket.timeout = 60000
2015-10-16 12:03:33,837 [DEBUG] org.apache.commons.httpclient.MultiThreadedHttpConnectionManager  - HttpConnectionManager.getConnection:  config = HostConfiguration[host=https://127.0.0.1:8443], timeout = 30000
2015-10-16 12:03:33,839 [DEBUG] org.apache.commons.httpclient.MultiThreadedHttpConnectionManager  - Allocating new connection, hostConfig=HostConfiguration[host=https://127.0.0.1:8443]
2015-10-16 12:03:33,844 [DEBUG] org.apache.commons.httpclient.HttpConnection  - Open connection to 127.0.0.1:8443
2015-10-16 12:03:35,723 [DEBUG] org.apache.commons.httpclient.HttpMethodDirector  - Closing the connection.
2015-10-16 12:03:35,723 [INFO ] org.apache.commons.httpclient.HttpMethodDirector  - I/O exception (java.net.ConnectException) caught when processing request: Connection refused: connect
2015-10-16 12:03:35,725 [DEBUG] org.apache.commons.httpclient.HttpMethodDirector  - Connection refused: connect
java.net.ConnectException: Connection refused: connect
	at java.net.DualStackPlainSocketImpl.waitForConnect(Native Method)
	at java.net.DualStackPlainSocketImpl.socketConnect(DualStackPlainSocketImpl.java:85)
	at java.net.AbstractPlainSocketImpl.doConnect(AbstractPlainSocketImpl.java:339)
	at java.net.AbstractPlainSocketImpl.connectToAddress(AbstractPlainSocketImpl.java:200)
	at java.net.AbstractPlainSocketImpl.connect(AbstractPlainSocketImpl.java:182)
	at java.net.PlainSocketImpl.connect(PlainSocketImpl.java:172)
	at java.net.SocksSocketImpl.connect(SocksSocketImpl.java:392)
	at java.net.Socket.connect(Socket.java:579)
	at sun.security.ssl.SSLSocketImpl.connect(SSLSocketImpl.java:625)
	at sun.reflect.NativeMethodAccessorImpl.invoke0(Native Method)
	at sun.reflect.NativeMethodAccessorImpl.invoke(NativeMethodAccessorImpl.java:57)
	at sun.reflect.DelegatingMethodAccessorImpl.invoke(DelegatingMethodAccessorImpl.java:43)
	at java.lang.reflect.Method.invoke(Method.java:606)
	at org.apache.commons.httpclient.protocol.ReflectionSocketFactory.createSocket(ReflectionSocketFactory.java:140)
	at org.apache.commons.httpclient.protocol.SSLProtocolSocketFactory.createSocket(SSLProtocolSocketFactory.java:130)
	at org.apache.commons.httpclient.HttpConnection.open(HttpConnection.java:707)
	at org.apache.commons.httpclient.MultiThreadedHttpConnectionManager$HttpConnectionAdapter.open(MultiThreadedHttpConnectionManager.java:1361)
	at org.apache.commons.httpclient.HttpMethodDirector.executeWithRetry(HttpMethodDirector.java:387)
	at org.apache.commons.httpclient.HttpMethodDirector.executeMethod(HttpMethodDirector.java:171)
	at org.apache.commons.httpclient.HttpClient.executeMethod(HttpClient.java:397)
	at org.apache.axis2.transport.http.AbstractHTTPSender.executeMethod(AbstractHTTPSender.java:621)
	at org.apache.axis2.transport.http.HTTPSender.sendViaPost(HTTPSender.java:193)
	at org.apache.axis2.transport.http.HTTPSender.send(HTTPSender.java:75)
	at org.apache.axis2.transport.http.CommonsHTTPTransportSender.writeMessageWithCommons(CommonsHTTPTransportSender.java:396)
	at org.apache.axis2.transport.http.CommonsHTTPTransportSender.invoke(CommonsHTTPTransportSender.java:223)
	at org.apache.axis2.engine.AxisEngine.send(AxisEngine.java:443)
	at org.apache.axis2.description.OutInAxisOperationClient.send(OutInAxisOperation.java:406)
	at org.apache.axis2.description.OutInAxisOperationClient.executeImpl(OutInAxisOperation.java:229)
	at org.apache.axis2.client.OperationClient.execute(OperationClient.java:165)
	at com.ycsoft.boss.remoting.backtask.BOSSWebServiceSoapImplServiceStub.returnWorkOrder(BOSSWebServiceSoapImplServiceStub.java:299)
	at com.ycsoft.boss.remoting.backtask.BOSSWebServiceTestMain.main(BOSSWebServiceTestMain.java:57)
2015-10-16 12:03:35,729 [INFO ] org.apache.commons.httpclient.HttpMethodDirector  - Retrying request
2015-10-16 12:03:35,729 [DEBUG] org.apache.commons.httpclient.HttpConnection  - Open connection to 127.0.0.1:8443
2015-10-16 12:03:36,757 [DEBUG] org.apache.commons.httpclient.HttpMethodDirector  - Closing the connection.
2015-10-16 12:03:36,757 [INFO ] org.apache.commons.httpclient.HttpMethodDirector  - I/O exception (java.net.ConnectException) caught when processing request: Connection refused: connect
2015-10-16 12:03:36,757 [DEBUG] org.apache.commons.httpclient.HttpMethodDirector  - Connection refused: connect
java.net.ConnectException: Connection refused: connect
	at java.net.DualStackPlainSocketImpl.waitForConnect(Native Method)
	at java.net.DualStackPlainSocketImpl.socketConnect(DualStackPlainSocketImpl.java:85)
	at java.net.AbstractPlainSocketImpl.doConnect(AbstractPlainSocketImpl.java:339)
	at java.net.AbstractPlainSocketImpl.connectToAddress(AbstractPlainSocketImpl.java:200)
	at java.net.AbstractPlainSocketImpl.connect(AbstractPlainSocketImpl.java:182)
	at java.net.PlainSocketImpl.connect(PlainSocketImpl.java:172)
	at java.net.SocksSocketImpl.connect(SocksSocketImpl.java:392)
	at java.net.Socket.connect(Socket.java:579)
	at sun.security.ssl.SSLSocketImpl.connect(SSLSocketImpl.java:625)
	at sun.reflect.NativeMethodAccessorImpl.invoke0(Native Method)
	at sun.reflect.NativeMethodAccessorImpl.invoke(NativeMethodAccessorImpl.java:57)
	at sun.reflect.DelegatingMethodAccessorImpl.invoke(DelegatingMethodAccessorImpl.java:43)
	at java.lang.reflect.Method.invoke(Method.java:606)
	at org.apache.commons.httpclient.protocol.ReflectionSocketFactory.createSocket(ReflectionSocketFactory.java:140)
	at org.apache.commons.httpclient.protocol.SSLProtocolSocketFactory.createSocket(SSLProtocolSocketFactory.java:130)
	at org.apache.commons.httpclient.HttpConnection.open(HttpConnection.java:707)
	at org.apache.commons.httpclient.MultiThreadedHttpConnectionManager$HttpConnectionAdapter.open(MultiThreadedHttpConnectionManager.java:1361)
	at org.apache.commons.httpclient.HttpMethodDirector.executeWithRetry(HttpMethodDirector.java:387)
	at org.apache.commons.httpclient.HttpMethodDirector.executeMethod(HttpMethodDirector.java:171)
	at org.apache.commons.httpclient.HttpClient.executeMethod(HttpClient.java:397)
	at org.apache.axis2.transport.http.AbstractHTTPSender.executeMethod(AbstractHTTPSender.java:621)
	at org.apache.axis2.transport.http.HTTPSender.sendViaPost(HTTPSender.java:193)
	at org.apache.axis2.transport.http.HTTPSender.send(HTTPSender.java:75)
	at org.apache.axis2.transport.http.CommonsHTTPTransportSender.writeMessageWithCommons(CommonsHTTPTransportSender.java:396)
	at org.apache.axis2.transport.http.CommonsHTTPTransportSender.invoke(CommonsHTTPTransportSender.java:223)
	at org.apache.axis2.engine.AxisEngine.send(AxisEngine.java:443)
	at org.apache.axis2.description.OutInAxisOperationClient.send(OutInAxisOperation.java:406)
	at org.apache.axis2.description.OutInAxisOperationClient.executeImpl(OutInAxisOperation.java:229)
	at org.apache.axis2.client.OperationClient.execute(OperationClient.java:165)
	at com.ycsoft.boss.remoting.backtask.BOSSWebServiceSoapImplServiceStub.returnWorkOrder(BOSSWebServiceSoapImplServiceStub.java:299)
	at com.ycsoft.boss.remoting.backtask.BOSSWebServiceTestMain.main(BOSSWebServiceTestMain.java:57)
2015-10-16 12:03:36,759 [INFO ] org.apache.commons.httpclient.HttpMethodDirector  - Retrying request
2015-10-16 12:03:36,759 [DEBUG] org.apache.commons.httpclient.HttpConnection  - Open connection to 127.0.0.1:8443
2015-10-16 12:03:37,772 [DEBUG] org.apache.commons.httpclient.HttpMethodDirector  - Closing the connection.
2015-10-16 12:03:37,772 [INFO ] org.apache.commons.httpclient.HttpMethodDirector  - I/O exception (java.net.ConnectException) caught when processing request: Connection refused: connect
2015-10-16 12:03:37,772 [DEBUG] org.apache.commons.httpclient.HttpMethodDirector  - Connection refused: connect
java.net.ConnectException: Connection refused: connect
	at java.net.DualStackPlainSocketImpl.waitForConnect(Native Method)
	at java.net.DualStackPlainSocketImpl.socketConnect(DualStackPlainSocketImpl.java:85)
	at java.net.AbstractPlainSocketImpl.doConnect(AbstractPlainSocketImpl.java:339)
	at java.net.AbstractPlainSocketImpl.connectToAddress(AbstractPlainSocketImpl.java:200)
	at java.net.AbstractPlainSocketImpl.connect(AbstractPlainSocketImpl.java:182)
	at java.net.PlainSocketImpl.connect(PlainSocketImpl.java:172)
	at java.net.SocksSocketImpl.connect(SocksSocketImpl.java:392)
	at java.net.Socket.connect(Socket.java:579)
	at sun.security.ssl.SSLSocketImpl.connect(SSLSocketImpl.java:625)
	at sun.reflect.NativeMethodAccessorImpl.invoke0(Native Method)
	at sun.reflect.NativeMethodAccessorImpl.invoke(NativeMethodAccessorImpl.java:57)
	at sun.reflect.DelegatingMethodAccessorImpl.invoke(DelegatingMethodAccessorImpl.java:43)
	at java.lang.reflect.Method.invoke(Method.java:606)
	at org.apache.commons.httpclient.protocol.ReflectionSocketFactory.createSocket(ReflectionSocketFactory.java:140)
	at org.apache.commons.httpclient.protocol.SSLProtocolSocketFactory.createSocket(SSLProtocolSocketFactory.java:130)
	at org.apache.commons.httpclient.HttpConnection.open(HttpConnection.java:707)
	at org.apache.commons.httpclient.MultiThreadedHttpConnectionManager$HttpConnectionAdapter.open(MultiThreadedHttpConnectionManager.java:1361)
	at org.apache.commons.httpclient.HttpMethodDirector.executeWithRetry(HttpMethodDirector.java:387)
	at org.apache.commons.httpclient.HttpMethodDirector.executeMethod(HttpMethodDirector.java:171)
	at org.apache.commons.httpclient.HttpClient.executeMethod(HttpClient.java:397)
	at org.apache.axis2.transport.http.AbstractHTTPSender.executeMethod(AbstractHTTPSender.java:621)
	at org.apache.axis2.transport.http.HTTPSender.sendViaPost(HTTPSender.java:193)
	at org.apache.axis2.transport.http.HTTPSender.send(HTTPSender.java:75)
	at org.apache.axis2.transport.http.CommonsHTTPTransportSender.writeMessageWithCommons(CommonsHTTPTransportSender.java:396)
	at org.apache.axis2.transport.http.CommonsHTTPTransportSender.invoke(CommonsHTTPTransportSender.java:223)
	at org.apache.axis2.engine.AxisEngine.send(AxisEngine.java:443)
	at org.apache.axis2.description.OutInAxisOperationClient.send(OutInAxisOperation.java:406)
	at org.apache.axis2.description.OutInAxisOperationClient.executeImpl(OutInAxisOperation.java:229)
	at org.apache.axis2.client.OperationClient.execute(OperationClient.java:165)
	at com.ycsoft.boss.remoting.backtask.BOSSWebServiceSoapImplServiceStub.returnWorkOrder(BOSSWebServiceSoapImplServiceStub.java:299)
	at com.ycsoft.boss.remoting.backtask.BOSSWebServiceTestMain.main(BOSSWebServiceTestMain.java:57)
2015-10-16 12:03:37,774 [INFO ] org.apache.commons.httpclient.HttpMethodDirector  - Retrying request
2015-10-16 12:03:37,774 [DEBUG] org.apache.commons.httpclient.HttpConnection  - Open connection to 127.0.0.1:8443
2015-10-16 12:03:38,798 [DEBUG] org.apache.commons.httpclient.HttpMethodDirector  - Closing the connection.
2015-10-16 12:03:38,798 [DEBUG] org.apache.commons.httpclient.HttpMethodDirector  - Method retry handler returned false. Automatic recovery will not be attempted
2015-10-16 12:03:38,798 [DEBUG] org.apache.commons.httpclient.HttpConnection  - Releasing connection back to connection manager.
2015-10-16 12:03:38,798 [DEBUG] org.apache.commons.httpclient.MultiThreadedHttpConnectionManager  - Freeing connection, hostConfig=HostConfiguration[host=https://127.0.0.1:8443]
2015-10-16 12:03:38,799 [DEBUG] org.apache.commons.httpclient.util.IdleConnectionHandler  - Adding connection at: 1444968218799
2015-10-16 12:03:38,799 [DEBUG] org.apache.commons.httpclient.MultiThreadedHttpConnectionManager  - Notifying no-one, there are no waiting threads
2015-10-16 12:03:38,799 [INFO ] org.apache.axis2.transport.http.HTTPSender  - Unable to sendViaPost to url[https://127.0.0.1:8443/boss-core/services/BOSSWebServiceSoapImplService?wsdl]
java.net.ConnectException: Connection refused: connect
	at java.net.DualStackPlainSocketImpl.waitForConnect(Native Method)
	at java.net.DualStackPlainSocketImpl.socketConnect(DualStackPlainSocketImpl.java:85)
	at java.net.AbstractPlainSocketImpl.doConnect(AbstractPlainSocketImpl.java:339)
	at java.net.AbstractPlainSocketImpl.connectToAddress(AbstractPlainSocketImpl.java:200)
	at java.net.AbstractPlainSocketImpl.connect(AbstractPlainSocketImpl.java:182)
	at java.net.PlainSocketImpl.connect(PlainSocketImpl.java:172)
	at java.net.SocksSocketImpl.connect(SocksSocketImpl.java:392)
	at java.net.Socket.connect(Socket.java:579)
	at sun.security.ssl.SSLSocketImpl.connect(SSLSocketImpl.java:625)
	at sun.reflect.NativeMethodAccessorImpl.invoke0(Native Method)
	at sun.reflect.NativeMethodAccessorImpl.invoke(NativeMethodAccessorImpl.java:57)
	at sun.reflect.DelegatingMethodAccessorImpl.invoke(DelegatingMethodAccessorImpl.java:43)
	at java.lang.reflect.Method.invoke(Method.java:606)
	at org.apache.commons.httpclient.protocol.ReflectionSocketFactory.createSocket(ReflectionSocketFactory.java:140)
	at org.apache.commons.httpclient.protocol.SSLProtocolSocketFactory.createSocket(SSLProtocolSocketFactory.java:130)
	at org.apache.commons.httpclient.HttpConnection.open(HttpConnection.java:707)
	at org.apache.commons.httpclient.MultiThreadedHttpConnectionManager$HttpConnectionAdapter.open(MultiThreadedHttpConnectionManager.java:1361)
	at org.apache.commons.httpclient.HttpMethodDirector.executeWithRetry(HttpMethodDirector.java:387)
	at org.apache.commons.httpclient.HttpMethodDirector.executeMethod(HttpMethodDirector.java:171)
	at org.apache.commons.httpclient.HttpClient.executeMethod(HttpClient.java:397)
	at org.apache.axis2.transport.http.AbstractHTTPSender.executeMethod(AbstractHTTPSender.java:621)
	at org.apache.axis2.transport.http.HTTPSender.sendViaPost(HTTPSender.java:193)
	at org.apache.axis2.transport.http.HTTPSender.send(HTTPSender.java:75)
	at org.apache.axis2.transport.http.CommonsHTTPTransportSender.writeMessageWithCommons(CommonsHTTPTransportSender.java:396)
	at org.apache.axis2.transport.http.CommonsHTTPTransportSender.invoke(CommonsHTTPTransportSender.java:223)
	at org.apache.axis2.engine.AxisEngine.send(AxisEngine.java:443)
	at org.apache.axis2.description.OutInAxisOperationClient.send(OutInAxisOperation.java:406)
	at org.apache.axis2.description.OutInAxisOperationClient.executeImpl(OutInAxisOperation.java:229)
	at org.apache.axis2.client.OperationClient.execute(OperationClient.java:165)
	at com.ycsoft.boss.remoting.backtask.BOSSWebServiceSoapImplServiceStub.returnWorkOrder(BOSSWebServiceSoapImplServiceStub.java:299)
	at com.ycsoft.boss.remoting.backtask.BOSSWebServiceTestMain.main(BOSSWebServiceTestMain.java:57)
2015-10-16 12:03:38,803 [DEBUG] org.apache.axis2.transport.http.CommonsHTTPTransportSender  - org.apache.axis2.AxisFault: Connection refused: connect
2015-10-16 12:03:38,803 [DEBUG] org.apache.axis2.transport.http.CommonsHTTPTransportSender  - org.apache.axis2.AxisFault: Connection refused: connect
2015-10-16 12:03:38,803 [DEBUG] org.apache.axis2.engine.Phase  - [MessageContext: logID=6da427207efa4c34996e514ffac03558f012079e246516ee] Invoking flowComplete() in Phase "Security"
2015-10-16 12:03:38,803 [DEBUG] org.apache.axis2.engine.Phase  - [MessageContext: logID=6da427207efa4c34996e514ffac03558f012079e246516ee] Invoking flowComplete() in Phase "MessageOut"
2015-10-16 12:03:38,803 [DEBUG] org.apache.axis2.engine.Phase  - [MessageContext: logID=6da427207efa4c34996e514ffac03558f012079e246516ee] Invoking flowComplete() in Phase "PolicyDetermination"
2015-10-16 12:03:38,803 [DEBUG] org.apache.axis2.engine.Phase  - [MessageContext: logID=6da427207efa4c34996e514ffac03558f012079e246516ee] Invoking flowComplete() in Phase "OperationOutPhase"
2015-10-16 12:03:38,803 [DEBUG] org.apache.axis2.engine.Phase  - [MessageContext: logID=6da427207efa4c34996e514ffac03558f012079e246516ee] Invoking flowComplete() in Phase "OpPhase"
2015-10-16 12:03:38,803 [DEBUG] org.apache.axis2.engine.Phase  - [MessageContext: logID=6da427207efa4c34996e514ffac03558f012079e246516ee] Invoking flowComplete() in Phase "RMPhase"
