09-27 19:36:55 [ERROR]-[com.yaochen.boss.job.OttAuthJob:70]     - 读取指令失败主键未设置，无法根据主键更新
09-27 19:37:46 [ERROR]-[com.yaochen.boss.job.OttAuthJob:71]     - 保存指令发送结果失败主键未设置，无法根据主键更新
09-27 19:37:48 [ERROR]-[com.yaochen.boss.job.OttAuthJob:71]     - 保存指令发送结果失败主键未设置，无法根据主键更新
09-27 19:37:50 [ERROR]-[com.yaochen.boss.job.OttAuthJob:71]     - 保存指令发送结果失败主键未设置，无法根据主键更新
09-27 19:37:52 [ERROR]-[com.yaochen.boss.job.OttAuthJob:71]     - 保存指令发送结果失败主键未设置，无法根据主键更新
09-27 19:37:54 [ERROR]-[com.yaochen.boss.job.OttAuthJob:71]     - 保存指令发送结果失败主键未设置，无法根据主键更新
09-27 19:37:56 [ERROR]-[com.yaochen.boss.job.OttAuthJob:71]     - 保存指令发送结果失败主键未设置，无法根据主键更新
09-21 16:44:37 [ERROR]-[com.yaochen.boss.job.TaskServiceJob:46]     - 读取工单同步信息错误PreparedStatementCallback; uncategorized SQLException for SQL [select * from w_task_log a,w_task_base_info b where  b.task_id=?  and syn_status =? and b.task_status=? order by a.done_code]; SQL state [99999]; error code [17041]; 索引中丢失  IN 或 OUT 参数:: 3; nested exception is java.sql.SQLException: 索引中丢失  IN 或 OUT 参数:: 3
10-16 09:54:21 [ERROR]-[com.yaochen.boss.job.TaskServiceJob:85]     - 未知严重错误，暂停发送!
java.lang.Exception: 工单状态非可派工单
	at com.yaochen.boss.job.component.TaskComponent.sendNewWorkOrder(TaskComponent.java:89)
	at com.yaochen.boss.job.component.TaskComponent$$FastClassBySpringCGLIB$$7ddf655b.invoke(<generated>)
	at org.springframework.cglib.proxy.MethodProxy.invoke(MethodProxy.java:204)
	at org.springframework.aop.framework.CglibAopProxy$CglibMethodInvocation.invokeJoinpoint(CglibAopProxy.java:700)
	at org.springframework.aop.framework.ReflectiveMethodInvocation.proceed(ReflectiveMethodInvocation.java:150)
	at org.springframework.transaction.interceptor.TransactionInterceptor$1.proceedWithInvocation(TransactionInterceptor.java:96)
	at org.springframework.transaction.interceptor.TransactionAspectSupport.invokeWithinTransaction(TransactionAspectSupport.java:260)
	at org.springframework.transaction.interceptor.TransactionInterceptor.invoke(TransactionInterceptor.java:94)
	at org.springframework.aop.framework.ReflectiveMethodInvocation.proceed(ReflectiveMethodInvocation.java:172)
	at org.springframework.aop.interceptor.ExposeInvocationInterceptor.invoke(ExposeInvocationInterceptor.java:91)
	at org.springframework.aop.framework.ReflectiveMethodInvocation.proceed(ReflectiveMethodInvocation.java:172)
	at org.springframework.aop.framework.CglibAopProxy$DynamicAdvisedInterceptor.intercept(CglibAopProxy.java:633)
	at com.yaochen.boss.job.component.TaskComponent$$EnhancerBySpringCGLIB$$3d8dd180.sendNewWorkOrder(<generated>)
	at com.yaochen.boss.job.TaskServiceJob.execute(TaskServiceJob.java:61)
	at com.yaochen.myquartz.DefaultJobAdapter.execute(DefaultJobAdapter.java:88)
	at org.quartz.core.JobRunShell.run(JobRunShell.java:223)
	at org.quartz.simpl.SimpleThreadPool$WorkerThread.run(SimpleThreadPool.java:549)
10-16 09:54:25 [ERROR]-[com.yaochen.boss.job.TaskServiceJob:77]     - 未知严重错误，暂停发送!
com.ycsoft.boss.remoting.cfocn.WordOrderException: WordOrder Service request failure.; nested exception is: 
	org.apache.axis2.AxisFault: Connection has been shutdown: javax.net.ssl.SSLHandshakeException: sun.security.validator.ValidatorException: PKIX path building failed: sun.security.provider.certpath.SunCertPathBuilderException: unable to find valid certification path to requested target
	at com.ycsoft.boss.remoting.cfocn.WorkOrderClient.applyTemplate(WorkOrderClient.java:154)
	at com.ycsoft.boss.remoting.cfocn.WorkOrderClient.cancelTaskService(WorkOrderClient.java:139)
	at com.ycsoft.boss.remoting.cfocn.WorkOrderClient.cancelTaskService(WorkOrderClient.java:135)
	at com.yaochen.boss.job.component.TaskComponent.cancelTaskService(TaskComponent.java:72)
	at com.yaochen.boss.job.component.TaskComponent$$FastClassBySpringCGLIB$$7ddf655b.invoke(<generated>)
	at org.springframework.cglib.proxy.MethodProxy.invoke(MethodProxy.java:204)
	at org.springframework.aop.framework.CglibAopProxy$CglibMethodInvocation.invokeJoinpoint(CglibAopProxy.java:700)
	at org.springframework.aop.framework.ReflectiveMethodInvocation.proceed(ReflectiveMethodInvocation.java:150)
	at org.springframework.transaction.interceptor.TransactionInterceptor$1.proceedWithInvocation(TransactionInterceptor.java:96)
	at org.springframework.transaction.interceptor.TransactionAspectSupport.invokeWithinTransaction(TransactionAspectSupport.java:260)
	at org.springframework.transaction.interceptor.TransactionInterceptor.invoke(TransactionInterceptor.java:94)
	at org.springframework.aop.framework.ReflectiveMethodInvocation.proceed(ReflectiveMethodInvocation.java:172)
	at org.springframework.aop.interceptor.ExposeInvocationInterceptor.invoke(ExposeInvocationInterceptor.java:91)
	at org.springframework.aop.framework.ReflectiveMethodInvocation.proceed(ReflectiveMethodInvocation.java:172)
	at org.springframework.aop.framework.CglibAopProxy$DynamicAdvisedInterceptor.intercept(CglibAopProxy.java:633)
	at com.yaochen.boss.job.component.TaskComponent$$EnhancerBySpringCGLIB$$3d8dd180.cancelTaskService(<generated>)
	at com.yaochen.boss.job.TaskServiceJob.execute(TaskServiceJob.java:59)
	at com.yaochen.myquartz.DefaultJobAdapter.execute(DefaultJobAdapter.java:88)
	at org.quartz.core.JobRunShell.run(JobRunShell.java:223)
	at org.quartz.simpl.SimpleThreadPool$WorkerThread.run(SimpleThreadPool.java:549)
Caused by: org.apache.axis2.AxisFault: Connection has been shutdown: javax.net.ssl.SSLHandshakeException: sun.security.validator.ValidatorException: PKIX path building failed: sun.security.provider.certpath.SunCertPathBuilderException: unable to find valid certification path to requested target
	at org.apache.axis2.AxisFault.makeFault(AxisFault.java:430)
	at org.apache.axis2.transport.http.SOAPMessageFormatter.writeTo(SOAPMessageFormatter.java:78)
	at org.apache.axis2.transport.http.AxisRequestEntity.writeRequest(AxisRequestEntity.java:84)
	at org.apache.commons.httpclient.methods.EntityEnclosingMethod.writeRequestBody(EntityEnclosingMethod.java:499)
	at org.apache.commons.httpclient.HttpMethodBase.writeRequest(HttpMethodBase.java:2114)
	at org.apache.commons.httpclient.HttpMethodBase.execute(HttpMethodBase.java:1096)
	at org.apache.commons.httpclient.HttpMethodDirector.executeWithRetry(HttpMethodDirector.java:398)
	at org.apache.commons.httpclient.HttpMethodDirector.executeMethod(HttpMethodDirector.java:171)
	at org.apache.commons.httpclient.HttpClient.executeMethod(HttpClient.java:397)
	at org.apache.axis2.transport.http.AbstractHTTPSender.executeMethod(AbstractHTTPSender.java:621)
	at org.apache.axis2.transport.http.HTTPSender.sendViaPost(HTTPSender.java:193)
	at org.apache.axis2.transport.http.HTTPSender.send(HTTPSender.java:75)
	at org.apache.axis2.transport.http.CommonsHTTPTransportSender.writeMessageWithCommons(CommonsHTTPTransportSender.java:396)
	at org.apache.axis2.transport.http.CommonsHTTPTransportSender.invoke(CommonsHTTPTransportSender.java:223)
	at org.apache.axis2.engine.AxisEngine.send(AxisEngine.java:443)
	at org.apache.axis2.description.OutInAxisOperationClient.send(OutInAxisOperation.java:406)
	at org.apache.axis2.description.OutInAxisOperationClient.executeImpl(OutInAxisOperation.java:229)
	at org.apache.axis2.client.OperationClient.execute(OperationClient.java:165)
	at com.ycsoft.boss.remoting.cfocn.CFOCN_WebSvc_WorkOrderStub.manuallyInfluencedWorkOrder(CFOCN_WebSvc_WorkOrderStub.java:899)
	at com.ycsoft.boss.remoting.cfocn.WorkOrderClient$2.doCallback(WorkOrderClient.java:143)
	at com.ycsoft.boss.remoting.cfocn.WorkOrderClient.applyTemplate(WorkOrderClient.java:151)
	... 19 more
Caused by: com.ctc.wstx.exc.WstxIOException: Connection has been shutdown: javax.net.ssl.SSLHandshakeException: sun.security.validator.ValidatorException: PKIX path building failed: sun.security.provider.certpath.SunCertPathBuilderException: unable to find valid certification path to requested target
	at com.ctc.wstx.sw.BaseStreamWriter._finishDocument(BaseStreamWriter.java:1406)
	at com.ctc.wstx.sw.BaseStreamWriter.close(BaseStreamWriter.java:247)
	at org.apache.axiom.util.stax.wrapper.XMLStreamWriterWrapper.close(XMLStreamWriterWrapper.java:46)
	at org.apache.axiom.om.impl.MTOMXMLStreamWriter.close(MTOMXMLStreamWriter.java:220)
	at org.apache.axiom.om.impl.llom.OMSerializableImpl.serializeAndConsume(OMSerializableImpl.java:169)
	at org.apache.axis2.transport.http.SOAPMessageFormatter.writeTo(SOAPMessageFormatter.java:74)
	... 38 more
Caused by: javax.net.ssl.SSLException: Connection has been shutdown: javax.net.ssl.SSLHandshakeException: sun.security.validator.ValidatorException: PKIX path building failed: sun.security.provider.certpath.SunCertPathBuilderException: unable to find valid certification path to requested target
	at sun.security.ssl.SSLSocketImpl.checkEOF(SSLSocketImpl.java:1476)
	at sun.security.ssl.SSLSocketImpl.checkWrite(SSLSocketImpl.java:1488)
	at sun.security.ssl.AppOutputStream.write(AppOutputStream.java:70)
	at java.io.BufferedOutputStream.flushBuffer(BufferedOutputStream.java:82)
	at java.io.BufferedOutputStream.flush(BufferedOutputStream.java:140)
	at org.apache.commons.httpclient.ChunkedOutputStream.flush(ChunkedOutputStream.java:191)
	at com.ctc.wstx.io.UTF8Writer.flush(UTF8Writer.java:103)
	at com.ctc.wstx.sw.BufferingXmlWriter.flush(BufferingXmlWriter.java:225)
	at com.ctc.wstx.sw.BufferingXmlWriter.close(BufferingXmlWriter.java:198)
	at com.ctc.wstx.sw.BaseStreamWriter._finishDocument(BaseStreamWriter.java:1404)
	... 43 more
Caused by: javax.net.ssl.SSLHandshakeException: sun.security.validator.ValidatorException: PKIX path building failed: sun.security.provider.certpath.SunCertPathBuilderException: unable to find valid certification path to requested target
	at sun.security.ssl.Alerts.getSSLException(Alerts.java:192)
	at sun.security.ssl.SSLSocketImpl.fatal(SSLSocketImpl.java:1884)
	at sun.security.ssl.Handshaker.fatalSE(Handshaker.java:276)
	at sun.security.ssl.Handshaker.fatalSE(Handshaker.java:270)
	at sun.security.ssl.ClientHandshaker.serverCertificate(ClientHandshaker.java:1341)
	at sun.security.ssl.ClientHandshaker.processMessage(ClientHandshaker.java:153)
	at sun.security.ssl.Handshaker.processLoop(Handshaker.java:868)
	at sun.security.ssl.Handshaker.process_record(Handshaker.java:804)
	at sun.security.ssl.SSLSocketImpl.readRecord(SSLSocketImpl.java:1016)
	at sun.security.ssl.SSLSocketImpl.performInitialHandshake(SSLSocketImpl.java:1312)
	at sun.security.ssl.SSLSocketImpl.writeRecord(SSLSocketImpl.java:702)
	at sun.security.ssl.AppOutputStream.write(AppOutputStream.java:122)
	at java.io.BufferedOutputStream.flushBuffer(BufferedOutputStream.java:82)
	at java.io.BufferedOutputStream.flush(BufferedOutputStream.java:140)
	at org.apache.commons.httpclient.ChunkedOutputStream.flush(ChunkedOutputStream.java:191)
	at com.ctc.wstx.io.UTF8Writer.flush(UTF8Writer.java:103)
	at com.ctc.wstx.sw.BufferingXmlWriter.flush(BufferingXmlWriter.java:225)
	at com.ctc.wstx.sw.BaseStreamWriter.flush(BaseStreamWriter.java:259)
	at org.apache.axiom.util.stax.wrapper.XMLStreamWriterWrapper.flush(XMLStreamWriterWrapper.java:50)
	at org.apache.axiom.om.impl.MTOMXMLStreamWriter.flush(MTOMXMLStreamWriter.java:228)
	at org.apache.axis2.databinding.ADBDataSource.serialize(ADBDataSource.java:91)
	at org.apache.axiom.om.impl.llom.OMSourcedElementImpl.internalSerialize(OMSourcedElementImpl.java:742)
	at org.apache.axiom.om.impl.util.OMSerializerUtil.serializeChildren(OMSerializerUtil.java:563)
	at org.apache.axiom.om.impl.llom.OMElementImpl.internalSerialize(OMElementImpl.java:790)
	at org.apache.axiom.soap.impl.llom.SOAPEnvelopeImpl.serializeInternally(SOAPEnvelopeImpl.java:271)
	at org.apache.axiom.soap.impl.llom.SOAPEnvelopeImpl.internalSerialize(SOAPEnvelopeImpl.java:233)
	at org.apache.axiom.om.impl.llom.OMSerializableImpl.serializeAndConsume(OMSerializableImpl.java:165)
	... 39 more
Caused by: sun.security.validator.ValidatorException: PKIX path building failed: sun.security.provider.certpath.SunCertPathBuilderException: unable to find valid certification path to requested target
	at sun.security.validator.PKIXValidator.doBuild(PKIXValidator.java:385)
	at sun.security.validator.PKIXValidator.engineValidate(PKIXValidator.java:292)
	at sun.security.validator.Validator.validate(Validator.java:260)
	at sun.security.ssl.X509TrustManagerImpl.validate(X509TrustManagerImpl.java:326)
	at sun.security.ssl.X509TrustManagerImpl.checkTrusted(X509TrustManagerImpl.java:231)
	at sun.security.ssl.X509TrustManagerImpl.checkServerTrusted(X509TrustManagerImpl.java:126)
	at sun.security.ssl.ClientHandshaker.serverCertificate(ClientHandshaker.java:1323)
	... 61 more
Caused by: sun.security.provider.certpath.SunCertPathBuilderException: unable to find valid certification path to requested target
	at sun.security.provider.certpath.SunCertPathBuilder.engineBuild(SunCertPathBuilder.java:196)
	at java.security.cert.CertPathBuilder.build(CertPathBuilder.java:268)
	at sun.security.validator.PKIXValidator.doBuild(PKIXValidator.java:380)
	... 67 more
10-16 10:02:17 [ERROR]-[com.yaochen.boss.job.TaskServiceJob:77]     - 未知严重错误，暂停发送!
com.ycsoft.boss.remoting.cfocn.WordOrderException: WordOrder Service request failure.; nested exception is: 
	org.apache.axis2.AxisFault: Connection has been shutdown: javax.net.ssl.SSLHandshakeException: sun.security.validator.ValidatorException: PKIX path building failed: sun.security.provider.certpath.SunCertPathBuilderException: unable to find valid certification path to requested target
	at com.ycsoft.boss.remoting.cfocn.WorkOrderClient.applyTemplate(WorkOrderClient.java:154)
	at com.ycsoft.boss.remoting.cfocn.WorkOrderClient.createTaskService(WorkOrderClient.java:113)
	at com.ycsoft.boss.remoting.cfocn.WorkOrderClient.createTaskService(WorkOrderClient.java:55)
	at com.yaochen.boss.job.component.TaskComponent.sendNewWorkOrder(TaskComponent.java:98)
	at com.yaochen.boss.job.component.TaskComponent$$FastClassBySpringCGLIB$$7ddf655b.invoke(<generated>)
	at org.springframework.cglib.proxy.MethodProxy.invoke(MethodProxy.java:204)
	at org.springframework.aop.framework.CglibAopProxy$CglibMethodInvocation.invokeJoinpoint(CglibAopProxy.java:700)
	at org.springframework.aop.framework.ReflectiveMethodInvocation.proceed(ReflectiveMethodInvocation.java:150)
	at org.springframework.transaction.interceptor.TransactionInterceptor$1.proceedWithInvocation(TransactionInterceptor.java:96)
	at org.springframework.transaction.interceptor.TransactionAspectSupport.invokeWithinTransaction(TransactionAspectSupport.java:260)
	at org.springframework.transaction.interceptor.TransactionInterceptor.invoke(TransactionInterceptor.java:94)
	at org.springframework.aop.framework.ReflectiveMethodInvocation.proceed(ReflectiveMethodInvocation.java:172)
	at org.springframework.aop.interceptor.ExposeInvocationInterceptor.invoke(ExposeInvocationInterceptor.java:91)
	at org.springframework.aop.framework.ReflectiveMethodInvocation.proceed(ReflectiveMethodInvocation.java:172)
	at org.springframework.aop.framework.CglibAopProxy$DynamicAdvisedInterceptor.intercept(CglibAopProxy.java:633)
	at com.yaochen.boss.job.component.TaskComponent$$EnhancerBySpringCGLIB$$b13e8f9c.sendNewWorkOrder(<generated>)
	at com.yaochen.boss.job.TaskServiceJob.execute(TaskServiceJob.java:61)
	at com.yaochen.myquartz.DefaultJobAdapter.execute(DefaultJobAdapter.java:88)
	at org.quartz.core.JobRunShell.run(JobRunShell.java:223)
	at org.quartz.simpl.SimpleThreadPool$WorkerThread.run(SimpleThreadPool.java:549)
Caused by: org.apache.axis2.AxisFault: Connection has been shutdown: javax.net.ssl.SSLHandshakeException: sun.security.validator.ValidatorException: PKIX path building failed: sun.security.provider.certpath.SunCertPathBuilderException: unable to find valid certification path to requested target
	at org.apache.axis2.AxisFault.makeFault(AxisFault.java:430)
	at org.apache.axis2.transport.http.SOAPMessageFormatter.writeTo(SOAPMessageFormatter.java:78)
	at org.apache.axis2.transport.http.AxisRequestEntity.writeRequest(AxisRequestEntity.java:84)
	at org.apache.commons.httpclient.methods.EntityEnclosingMethod.writeRequestBody(EntityEnclosingMethod.java:499)
	at org.apache.commons.httpclient.HttpMethodBase.writeRequest(HttpMethodBase.java:2114)
	at org.apache.commons.httpclient.HttpMethodBase.execute(HttpMethodBase.java:1096)
	at org.apache.commons.httpclient.HttpMethodDirector.executeWithRetry(HttpMethodDirector.java:398)
	at org.apache.commons.httpclient.HttpMethodDirector.executeMethod(HttpMethodDirector.java:171)
	at org.apache.commons.httpclient.HttpClient.executeMethod(HttpClient.java:397)
	at org.apache.axis2.transport.http.AbstractHTTPSender.executeMethod(AbstractHTTPSender.java:621)
	at org.apache.axis2.transport.http.HTTPSender.sendViaPost(HTTPSender.java:193)
	at org.apache.axis2.transport.http.HTTPSender.send(HTTPSender.java:75)
	at org.apache.axis2.transport.http.CommonsHTTPTransportSender.writeMessageWithCommons(CommonsHTTPTransportSender.java:396)
	at org.apache.axis2.transport.http.CommonsHTTPTransportSender.invoke(CommonsHTTPTransportSender.java:223)
	at org.apache.axis2.engine.AxisEngine.send(AxisEngine.java:443)
	at org.apache.axis2.description.OutInAxisOperationClient.send(OutInAxisOperation.java:406)
	at org.apache.axis2.description.OutInAxisOperationClient.executeImpl(OutInAxisOperation.java:229)
	at org.apache.axis2.client.OperationClient.execute(OperationClient.java:165)
	at com.ycsoft.boss.remoting.cfocn.CFOCN_WebSvc_WorkOrderStub.receiveWorkOrder(CFOCN_WebSvc_WorkOrderStub.java:669)
	at com.ycsoft.boss.remoting.cfocn.WorkOrderClient$1.doCallback(WorkOrderClient.java:117)
	at com.ycsoft.boss.remoting.cfocn.WorkOrderClient.applyTemplate(WorkOrderClient.java:151)
	... 19 more
Caused by: com.ctc.wstx.exc.WstxIOException: Connection has been shutdown: javax.net.ssl.SSLHandshakeException: sun.security.validator.ValidatorException: PKIX path building failed: sun.security.provider.certpath.SunCertPathBuilderException: unable to find valid certification path to requested target
	at com.ctc.wstx.sw.BaseStreamWriter._finishDocument(BaseStreamWriter.java:1406)
	at com.ctc.wstx.sw.BaseStreamWriter.close(BaseStreamWriter.java:247)
	at org.apache.axiom.util.stax.wrapper.XMLStreamWriterWrapper.close(XMLStreamWriterWrapper.java:46)
	at org.apache.axiom.om.impl.MTOMXMLStreamWriter.close(MTOMXMLStreamWriter.java:220)
	at org.apache.axiom.om.impl.llom.OMSerializableImpl.serializeAndConsume(OMSerializableImpl.java:169)
	at org.apache.axis2.transport.http.SOAPMessageFormatter.writeTo(SOAPMessageFormatter.java:74)
	... 38 more
Caused by: javax.net.ssl.SSLException: Connection has been shutdown: javax.net.ssl.SSLHandshakeException: sun.security.validator.ValidatorException: PKIX path building failed: sun.security.provider.certpath.SunCertPathBuilderException: unable to find valid certification path to requested target
	at sun.security.ssl.SSLSocketImpl.checkEOF(SSLSocketImpl.java:1476)
	at sun.security.ssl.SSLSocketImpl.checkWrite(SSLSocketImpl.java:1488)
	at sun.security.ssl.AppOutputStream.write(AppOutputStream.java:70)
	at java.io.BufferedOutputStream.flushBuffer(BufferedOutputStream.java:82)
	at java.io.BufferedOutputStream.flush(BufferedOutputStream.java:140)
	at org.apache.commons.httpclient.ChunkedOutputStream.flush(ChunkedOutputStream.java:191)
	at com.ctc.wstx.io.UTF8Writer.flush(UTF8Writer.java:103)
	at com.ctc.wstx.sw.BufferingXmlWriter.flush(BufferingXmlWriter.java:225)
	at com.ctc.wstx.sw.BufferingXmlWriter.close(BufferingXmlWriter.java:198)
	at com.ctc.wstx.sw.BaseStreamWriter._finishDocument(BaseStreamWriter.java:1404)
	... 43 more
Caused by: javax.net.ssl.SSLHandshakeException: sun.security.validator.ValidatorException: PKIX path building failed: sun.security.provider.certpath.SunCertPathBuilderException: unable to find valid certification path to requested target
	at sun.security.ssl.Alerts.getSSLException(Alerts.java:192)
	at sun.security.ssl.SSLSocketImpl.fatal(SSLSocketImpl.java:1884)
	at sun.security.ssl.Handshaker.fatalSE(Handshaker.java:276)
	at sun.security.ssl.Handshaker.fatalSE(Handshaker.java:270)
	at sun.security.ssl.ClientHandshaker.serverCertificate(ClientHandshaker.java:1341)
	at sun.security.ssl.ClientHandshaker.processMessage(ClientHandshaker.java:153)
	at sun.security.ssl.Handshaker.processLoop(Handshaker.java:868)
	at sun.security.ssl.Handshaker.process_record(Handshaker.java:804)
	at sun.security.ssl.SSLSocketImpl.readRecord(SSLSocketImpl.java:1016)
	at sun.security.ssl.SSLSocketImpl.performInitialHandshake(SSLSocketImpl.java:1312)
	at sun.security.ssl.SSLSocketImpl.writeRecord(SSLSocketImpl.java:702)
	at sun.security.ssl.AppOutputStream.write(AppOutputStream.java:122)
	at java.io.BufferedOutputStream.flushBuffer(BufferedOutputStream.java:82)
	at java.io.BufferedOutputStream.flush(BufferedOutputStream.java:140)
	at org.apache.commons.httpclient.ChunkedOutputStream.flush(ChunkedOutputStream.java:191)
	at com.ctc.wstx.io.UTF8Writer.flush(UTF8Writer.java:103)
	at com.ctc.wstx.sw.BufferingXmlWriter.flush(BufferingXmlWriter.java:225)
	at com.ctc.wstx.sw.BaseStreamWriter.flush(BaseStreamWriter.java:259)
	at org.apache.axiom.util.stax.wrapper.XMLStreamWriterWrapper.flush(XMLStreamWriterWrapper.java:50)
	at org.apache.axiom.om.impl.MTOMXMLStreamWriter.flush(MTOMXMLStreamWriter.java:228)
	at org.apache.axis2.databinding.ADBDataSource.serialize(ADBDataSource.java:91)
	at org.apache.axiom.om.impl.llom.OMSourcedElementImpl.internalSerialize(OMSourcedElementImpl.java:742)
	at org.apache.axiom.om.impl.util.OMSerializerUtil.serializeChildren(OMSerializerUtil.java:563)
	at org.apache.axiom.om.impl.llom.OMElementImpl.internalSerialize(OMElementImpl.java:790)
	at org.apache.axiom.soap.impl.llom.SOAPEnvelopeImpl.serializeInternally(SOAPEnvelopeImpl.java:271)
	at org.apache.axiom.soap.impl.llom.SOAPEnvelopeImpl.internalSerialize(SOAPEnvelopeImpl.java:233)
	at org.apache.axiom.om.impl.llom.OMSerializableImpl.serializeAndConsume(OMSerializableImpl.java:165)
	... 39 more
Caused by: sun.security.validator.ValidatorException: PKIX path building failed: sun.security.provider.certpath.SunCertPathBuilderException: unable to find valid certification path to requested target
	at sun.security.validator.PKIXValidator.doBuild(PKIXValidator.java:385)
	at sun.security.validator.PKIXValidator.engineValidate(PKIXValidator.java:292)
	at sun.security.validator.Validator.validate(Validator.java:260)
	at sun.security.ssl.X509TrustManagerImpl.validate(X509TrustManagerImpl.java:326)
	at sun.security.ssl.X509TrustManagerImpl.checkTrusted(X509TrustManagerImpl.java:231)
	at sun.security.ssl.X509TrustManagerImpl.checkServerTrusted(X509TrustManagerImpl.java:126)
	at sun.security.ssl.ClientHandshaker.serverCertificate(ClientHandshaker.java:1323)
	... 61 more
Caused by: sun.security.provider.certpath.SunCertPathBuilderException: unable to find valid certification path to requested target
	at sun.security.provider.certpath.SunCertPathBuilder.engineBuild(SunCertPathBuilder.java:196)
	at java.security.cert.CertPathBuilder.build(CertPathBuilder.java:268)
	at sun.security.validator.PKIXValidator.doBuild(PKIXValidator.java:380)
	... 67 more
